CRITICAL - 2024-02-11 13:58:43 --> Undefined variable $products
in APPPATH\Views\products\list.php on line 23.
 1 APPPATH\Views\products\list.php(23): CodeIgniter\Debug\Exceptions->errorHandler(2, 'Undefined variable $products', 'C:\\laragon\\www\\AgilaEcommerce2\\app\\Views\\products\\list.php', 23)
 2 SYSTEMPATH\View\View.php(228): include('C:\\laragon\\www\\AgilaEcommerce2\\app\\Views\\products\\list.php')
 3 SYSTEMPATH\View\View.php(231): CodeIgniter\View\View->CodeIgniter\View\{closure}()
 4 SYSTEMPATH\Common.php(1190): CodeIgniter\View\View->render('products/list', [], true)
 5 APPPATH\Controllers\InventoryController.php(97): view('products/list')
 6 SYSTEMPATH\CodeIgniter.php(942): App\Controllers\InventoryController->index()
 7 SYSTEMPATH\CodeIgniter.php(502): CodeIgniter\CodeIgniter->runController(Object(App\Controllers\InventoryController))
 8 SYSTEMPATH\CodeIgniter.php(361): CodeIgniter\CodeIgniter->handleRequest(null, Object(Config\Cache), false)
 9 FCPATH\index.php(79): CodeIgniter\CodeIgniter->run()
10 SYSTEMPATH\Commands\Server\rewrite.php(47): require_once('C:\\laragon\\www\\AgilaEcommerce2\\public\\index.php')
CRITICAL - 2024-02-11 14:10:30 --> Undefined variable $products
in APPPATH\Views\products\list.php on line 30.
 1 APPPATH\Views\products\list.php(30): CodeIgniter\Debug\Exceptions->errorHandler(2, 'Undefined variable $products', 'C:\\laragon\\www\\AgilaEcommerce2\\app\\Views\\products\\list.php', 30)
 2 SYSTEMPATH\View\View.php(228): include('C:\\laragon\\www\\AgilaEcommerce2\\app\\Views\\products\\list.php')
 3 SYSTEMPATH\View\View.php(231): CodeIgniter\View\View->CodeIgniter\View\{closure}()
 4 SYSTEMPATH\Common.php(1190): CodeIgniter\View\View->render('products/list', [], true)
 5 APPPATH\Controllers\InventoryController.php(97): view('products/list')
 6 SYSTEMPATH\CodeIgniter.php(942): App\Controllers\InventoryController->index()
 7 SYSTEMPATH\CodeIgniter.php(502): CodeIgniter\CodeIgniter->runController(Object(App\Controllers\InventoryController))
 8 SYSTEMPATH\CodeIgniter.php(361): CodeIgniter\CodeIgniter->handleRequest(null, Object(Config\Cache), false)
 9 FCPATH\index.php(79): CodeIgniter\CodeIgniter->run()
10 SYSTEMPATH\Commands\Server\rewrite.php(47): require_once('C:\\laragon\\www\\AgilaEcommerce2\\public\\index.php')
CRITICAL - 2024-02-11 14:15:10 --> Undefined variable $products
in APPPATH\Views\products\list.php on line 30.
 1 APPPATH\Views\products\list.php(30): CodeIgniter\Debug\Exceptions->errorHandler(2, 'Undefined variable $products', 'C:\\laragon\\www\\AgilaEcommerce2\\app\\Views\\products\\list.php', 30)
 2 SYSTEMPATH\View\View.php(228): include('C:\\laragon\\www\\AgilaEcommerce2\\app\\Views\\products\\list.php')
 3 SYSTEMPATH\View\View.php(231): CodeIgniter\View\View->CodeIgniter\View\{closure}()
 4 SYSTEMPATH\Common.php(1190): CodeIgniter\View\View->render('products/list', [], true)
 5 APPPATH\Controllers\InventoryController.php(97): view('products/list')
 6 SYSTEMPATH\CodeIgniter.php(942): App\Controllers\InventoryController->index()
 7 SYSTEMPATH\CodeIgniter.php(502): CodeIgniter\CodeIgniter->runController(Object(App\Controllers\InventoryController))
 8 SYSTEMPATH\CodeIgniter.php(361): CodeIgniter\CodeIgniter->handleRequest(null, Object(Config\Cache), false)
 9 FCPATH\index.php(79): CodeIgniter\CodeIgniter->run()
10 SYSTEMPATH\Commands\Server\rewrite.php(47): require_once('C:\\laragon\\www\\AgilaEcommerce2\\public\\index.php')
CRITICAL - 2024-02-11 14:42:55 --> Undefined array key "imageName"
in APPPATH\Views\products\list.php on line 38.
 1 APPPATH\Views\products\list.php(38): CodeIgniter\Debug\Exceptions->errorHandler(2, 'Undefined array key "imageName"', 'C:\\laragon\\www\\AgilaEcommerce2\\app\\Views\\products\\list.php', 38)
 2 SYSTEMPATH\View\View.php(228): include('C:\\laragon\\www\\AgilaEcommerce2\\app\\Views\\products\\list.php')
 3 SYSTEMPATH\View\View.php(231): CodeIgniter\View\View->CodeIgniter\View\{closure}()
 4 SYSTEMPATH\Common.php(1190): CodeIgniter\View\View->render('products/list', [], true)
 5 APPPATH\Controllers\InventoryController.php(99): view('products/list', [...])
 6 SYSTEMPATH\CodeIgniter.php(942): App\Controllers\InventoryController->index()
 7 SYSTEMPATH\CodeIgniter.php(502): CodeIgniter\CodeIgniter->runController(Object(App\Controllers\InventoryController))
 8 SYSTEMPATH\CodeIgniter.php(361): CodeIgniter\CodeIgniter->handleRequest(null, Object(Config\Cache), false)
 9 FCPATH\index.php(79): CodeIgniter\CodeIgniter->run()
10 SYSTEMPATH\Commands\Server\rewrite.php(47): require_once('C:\\laragon\\www\\AgilaEcommerce2\\public\\index.php')
CRITICAL - 2024-02-11 14:51:30 --> Invalid file: "products/list.php"
in SYSTEMPATH\Exceptions\FrameworkException.php on line 39.
 1 SYSTEMPATH\View\View.php(216): CodeIgniter\Exceptions\FrameworkException::forInvalidFile('products/list.php')
 2 SYSTEMPATH\Common.php(1190): CodeIgniter\View\View->render('products/list', [], true)
 3 APPPATH\Controllers\InventoryController.php(99): view('products/list', [...])
 4 SYSTEMPATH\CodeIgniter.php(942): App\Controllers\InventoryController->index()
 5 SYSTEMPATH\CodeIgniter.php(502): CodeIgniter\CodeIgniter->runController(Object(App\Controllers\InventoryController))
 6 SYSTEMPATH\CodeIgniter.php(361): CodeIgniter\CodeIgniter->handleRequest(null, Object(Config\Cache), false)
 7 FCPATH\index.php(79): CodeIgniter\CodeIgniter->run()
 8 SYSTEMPATH\Commands\Server\rewrite.php(47): require_once('C:\\laragon\\www\\AgilaEcommerce2\\public\\index.php')
CRITICAL - 2024-02-11 14:51:44 --> Invalid file: "products/list.php"
in SYSTEMPATH\Exceptions\FrameworkException.php on line 39.
 1 SYSTEMPATH\View\View.php(216): CodeIgniter\Exceptions\FrameworkException::forInvalidFile('products/list.php')
 2 SYSTEMPATH\Common.php(1190): CodeIgniter\View\View->render('products/list', [], true)
 3 APPPATH\Controllers\InventoryController.php(99): view('products/list', [...])
 4 SYSTEMPATH\CodeIgniter.php(942): App\Controllers\InventoryController->index()
 5 SYSTEMPATH\CodeIgniter.php(502): CodeIgniter\CodeIgniter->runController(Object(App\Controllers\InventoryController))
 6 SYSTEMPATH\CodeIgniter.php(361): CodeIgniter\CodeIgniter->handleRequest(null, Object(Config\Cache), false)
 7 FCPATH\index.php(79): CodeIgniter\CodeIgniter->run()
 8 SYSTEMPATH\Commands\Server\rewrite.php(47): require_once('C:\\laragon\\www\\AgilaEcommerce2\\public\\index.php')
CRITICAL - 2024-02-11 15:06:22 --> Invalid file: "inventory/edit.php"
in SYSTEMPATH\Exceptions\FrameworkException.php on line 39.
 1 SYSTEMPATH\View\View.php(216): CodeIgniter\Exceptions\FrameworkException::forInvalidFile('inventory/edit.php')
 2 SYSTEMPATH\Common.php(1190): CodeIgniter\View\View->render('inventory/edit', [], true)
 3 APPPATH\Controllers\InventoryController.php(132): view('inventory/edit', [...])
 4 SYSTEMPATH\CodeIgniter.php(942): App\Controllers\InventoryController->edit('1')
 5 SYSTEMPATH\CodeIgniter.php(502): CodeIgniter\CodeIgniter->runController(Object(App\Controllers\InventoryController))
 6 SYSTEMPATH\CodeIgniter.php(361): CodeIgniter\CodeIgniter->handleRequest(null, Object(Config\Cache), false)
 7 FCPATH\index.php(79): CodeIgniter\CodeIgniter->run()
 8 SYSTEMPATH\Commands\Server\rewrite.php(47): require_once('C:\\laragon\\www\\AgilaEcommerce2\\public\\index.php')
CRITICAL - 2024-02-11 15:08:28 --> Invalid file: "inventory/edit.php"
in SYSTEMPATH\Exceptions\FrameworkException.php on line 39.
 1 SYSTEMPATH\View\View.php(216): CodeIgniter\Exceptions\FrameworkException::forInvalidFile('inventory/edit.php')
 2 SYSTEMPATH\Common.php(1190): CodeIgniter\View\View->render('inventory/edit', [], true)
 3 APPPATH\Controllers\InventoryController.php(132): view('inventory/edit', [...])
 4 SYSTEMPATH\CodeIgniter.php(942): App\Controllers\InventoryController->edit('1')
 5 SYSTEMPATH\CodeIgniter.php(502): CodeIgniter\CodeIgniter->runController(Object(App\Controllers\InventoryController))
 6 SYSTEMPATH\CodeIgniter.php(361): CodeIgniter\CodeIgniter->handleRequest(null, Object(Config\Cache), false)
 7 FCPATH\index.php(79): CodeIgniter\CodeIgniter->run()
 8 SYSTEMPATH\Commands\Server\rewrite.php(47): require_once('C:\\laragon\\www\\AgilaEcommerce2\\public\\index.php')
CRITICAL - 2024-02-11 15:08:48 --> Invalid file: "inventory/edit.php"
in SYSTEMPATH\Exceptions\FrameworkException.php on line 39.
 1 SYSTEMPATH\View\View.php(216): CodeIgniter\Exceptions\FrameworkException::forInvalidFile('inventory/edit.php')
 2 SYSTEMPATH\Common.php(1190): CodeIgniter\View\View->render('inventory/edit', [], true)
 3 APPPATH\Controllers\InventoryController.php(132): view('inventory/edit', [...])
 4 SYSTEMPATH\CodeIgniter.php(942): App\Controllers\InventoryController->edit('1')
 5 SYSTEMPATH\CodeIgniter.php(502): CodeIgniter\CodeIgniter->runController(Object(App\Controllers\InventoryController))
 6 SYSTEMPATH\CodeIgniter.php(361): CodeIgniter\CodeIgniter->handleRequest(null, Object(Config\Cache), false)
 7 FCPATH\index.php(79): CodeIgniter\CodeIgniter->run()
 8 SYSTEMPATH\Commands\Server\rewrite.php(47): require_once('C:\\laragon\\www\\AgilaEcommerce2\\public\\index.php')
CRITICAL - 2024-02-11 15:09:28 --> Invalid file: "inventory/edit.php"
in SYSTEMPATH\Exceptions\FrameworkException.php on line 39.
 1 SYSTEMPATH\View\View.php(216): CodeIgniter\Exceptions\FrameworkException::forInvalidFile('inventory/edit.php')
 2 SYSTEMPATH\Common.php(1190): CodeIgniter\View\View->render('inventory/edit', [], true)
 3 APPPATH\Controllers\InventoryController.php(132): view('inventory/edit', [...])
 4 SYSTEMPATH\CodeIgniter.php(942): App\Controllers\InventoryController->edit('1')
 5 SYSTEMPATH\CodeIgniter.php(502): CodeIgniter\CodeIgniter->runController(Object(App\Controllers\InventoryController))
 6 SYSTEMPATH\CodeIgniter.php(361): CodeIgniter\CodeIgniter->handleRequest(null, Object(Config\Cache), false)
 7 FCPATH\index.php(79): CodeIgniter\CodeIgniter->run()
 8 SYSTEMPATH\Commands\Server\rewrite.php(47): require_once('C:\\laragon\\www\\AgilaEcommerce2\\public\\index.php')
CRITICAL - 2024-02-11 15:09:33 --> Invalid file: "inventory/edit.php"
in SYSTEMPATH\Exceptions\FrameworkException.php on line 39.
 1 SYSTEMPATH\View\View.php(216): CodeIgniter\Exceptions\FrameworkException::forInvalidFile('inventory/edit.php')
 2 SYSTEMPATH\Common.php(1190): CodeIgniter\View\View->render('inventory/edit', [], true)
 3 APPPATH\Controllers\InventoryController.php(132): view('inventory/edit', [...])
 4 SYSTEMPATH\CodeIgniter.php(942): App\Controllers\InventoryController->edit('1')
 5 SYSTEMPATH\CodeIgniter.php(502): CodeIgniter\CodeIgniter->runController(Object(App\Controllers\InventoryController))
 6 SYSTEMPATH\CodeIgniter.php(361): CodeIgniter\CodeIgniter->handleRequest(null, Object(Config\Cache), false)
 7 FCPATH\index.php(79): CodeIgniter\CodeIgniter->run()
 8 SYSTEMPATH\Commands\Server\rewrite.php(47): require_once('C:\\laragon\\www\\AgilaEcommerce2\\public\\index.php')
CRITICAL - 2024-02-11 15:10:55 --> Invalid file: "inventory/edit.php"
in SYSTEMPATH\Exceptions\FrameworkException.php on line 39.
 1 SYSTEMPATH\View\View.php(216): CodeIgniter\Exceptions\FrameworkException::forInvalidFile('inventory/edit.php')
 2 SYSTEMPATH\Common.php(1190): CodeIgniter\View\View->render('inventory/edit', [], true)
 3 APPPATH\Controllers\InventoryController.php(132): view('inventory/edit', [...])
 4 SYSTEMPATH\CodeIgniter.php(942): App\Controllers\InventoryController->edit('2')
 5 SYSTEMPATH\CodeIgniter.php(502): CodeIgniter\CodeIgniter->runController(Object(App\Controllers\InventoryController))
 6 SYSTEMPATH\CodeIgniter.php(361): CodeIgniter\CodeIgniter->handleRequest(null, Object(Config\Cache), false)
 7 FCPATH\index.php(79): CodeIgniter\CodeIgniter->run()
 8 SYSTEMPATH\Commands\Server\rewrite.php(47): require_once('C:\\laragon\\www\\AgilaEcommerce2\\public\\index.php')
CRITICAL - 2024-02-11 15:11:44 --> Invalid file: "inventory/edit.php"
in SYSTEMPATH\Exceptions\FrameworkException.php on line 39.
 1 SYSTEMPATH\View\View.php(216): CodeIgniter\Exceptions\FrameworkException::forInvalidFile('inventory/edit.php')
 2 SYSTEMPATH\Common.php(1190): CodeIgniter\View\View->render('inventory/edit', [], true)
 3 APPPATH\Controllers\InventoryController.php(132): view('inventory/edit', [...])
 4 SYSTEMPATH\CodeIgniter.php(942): App\Controllers\InventoryController->edit('2')
 5 SYSTEMPATH\CodeIgniter.php(502): CodeIgniter\CodeIgniter->runController(Object(App\Controllers\InventoryController))
 6 SYSTEMPATH\CodeIgniter.php(361): CodeIgniter\CodeIgniter->handleRequest(null, Object(Config\Cache), false)
 7 FCPATH\index.php(79): CodeIgniter\CodeIgniter->run()
 8 SYSTEMPATH\Commands\Server\rewrite.php(47): require_once('C:\\laragon\\www\\AgilaEcommerce2\\public\\index.php')
CRITICAL - 2024-02-11 15:11:45 --> Invalid file: "inventory/edit.php"
in SYSTEMPATH\Exceptions\FrameworkException.php on line 39.
 1 SYSTEMPATH\View\View.php(216): CodeIgniter\Exceptions\FrameworkException::forInvalidFile('inventory/edit.php')
 2 SYSTEMPATH\Common.php(1190): CodeIgniter\View\View->render('inventory/edit', [], true)
 3 APPPATH\Controllers\InventoryController.php(132): view('inventory/edit', [...])
 4 SYSTEMPATH\CodeIgniter.php(942): App\Controllers\InventoryController->edit('2')
 5 SYSTEMPATH\CodeIgniter.php(502): CodeIgniter\CodeIgniter->runController(Object(App\Controllers\InventoryController))
 6 SYSTEMPATH\CodeIgniter.php(361): CodeIgniter\CodeIgniter->handleRequest(null, Object(Config\Cache), false)
 7 FCPATH\index.php(79): CodeIgniter\CodeIgniter->run()
 8 SYSTEMPATH\Commands\Server\rewrite.php(47): require_once('C:\\laragon\\www\\AgilaEcommerce2\\public\\index.php')
CRITICAL - 2024-02-11 15:11:46 --> Invalid file: "inventory/edit.php"
in SYSTEMPATH\Exceptions\FrameworkException.php on line 39.
 1 SYSTEMPATH\View\View.php(216): CodeIgniter\Exceptions\FrameworkException::forInvalidFile('inventory/edit.php')
 2 SYSTEMPATH\Common.php(1190): CodeIgniter\View\View->render('inventory/edit', [], true)
 3 APPPATH\Controllers\InventoryController.php(132): view('inventory/edit', [...])
 4 SYSTEMPATH\CodeIgniter.php(942): App\Controllers\InventoryController->edit('2')
 5 SYSTEMPATH\CodeIgniter.php(502): CodeIgniter\CodeIgniter->runController(Object(App\Controllers\InventoryController))
 6 SYSTEMPATH\CodeIgniter.php(361): CodeIgniter\CodeIgniter->handleRequest(null, Object(Config\Cache), false)
 7 FCPATH\index.php(79): CodeIgniter\CodeIgniter->run()
 8 SYSTEMPATH\Commands\Server\rewrite.php(47): require_once('C:\\laragon\\www\\AgilaEcommerce2\\public\\index.php')
CRITICAL - 2024-02-11 15:11:47 --> Invalid file: "inventory/edit.php"
in SYSTEMPATH\Exceptions\FrameworkException.php on line 39.
 1 SYSTEMPATH\View\View.php(216): CodeIgniter\Exceptions\FrameworkException::forInvalidFile('inventory/edit.php')
 2 SYSTEMPATH\Common.php(1190): CodeIgniter\View\View->render('inventory/edit', [], true)
 3 APPPATH\Controllers\InventoryController.php(132): view('inventory/edit', [...])
 4 SYSTEMPATH\CodeIgniter.php(942): App\Controllers\InventoryController->edit('2')
 5 SYSTEMPATH\CodeIgniter.php(502): CodeIgniter\CodeIgniter->runController(Object(App\Controllers\InventoryController))
 6 SYSTEMPATH\CodeIgniter.php(361): CodeIgniter\CodeIgniter->handleRequest(null, Object(Config\Cache), false)
 7 FCPATH\index.php(79): CodeIgniter\CodeIgniter->run()
 8 SYSTEMPATH\Commands\Server\rewrite.php(47): require_once('C:\\laragon\\www\\AgilaEcommerce2\\public\\index.php')
CRITICAL - 2024-02-11 15:11:47 --> Invalid file: "inventory/edit.php"
in SYSTEMPATH\Exceptions\FrameworkException.php on line 39.
 1 SYSTEMPATH\View\View.php(216): CodeIgniter\Exceptions\FrameworkException::forInvalidFile('inventory/edit.php')
 2 SYSTEMPATH\Common.php(1190): CodeIgniter\View\View->render('inventory/edit', [], true)
 3 APPPATH\Controllers\InventoryController.php(132): view('inventory/edit', [...])
 4 SYSTEMPATH\CodeIgniter.php(942): App\Controllers\InventoryController->edit('2')
 5 SYSTEMPATH\CodeIgniter.php(502): CodeIgniter\CodeIgniter->runController(Object(App\Controllers\InventoryController))
 6 SYSTEMPATH\CodeIgniter.php(361): CodeIgniter\CodeIgniter->handleRequest(null, Object(Config\Cache), false)
 7 FCPATH\index.php(79): CodeIgniter\CodeIgniter->run()
 8 SYSTEMPATH\Commands\Server\rewrite.php(47): require_once('C:\\laragon\\www\\AgilaEcommerce2\\public\\index.php')
CRITICAL - 2024-02-11 15:11:47 --> Invalid file: "inventory/edit.php"
in SYSTEMPATH\Exceptions\FrameworkException.php on line 39.
 1 SYSTEMPATH\View\View.php(216): CodeIgniter\Exceptions\FrameworkException::forInvalidFile('inventory/edit.php')
 2 SYSTEMPATH\Common.php(1190): CodeIgniter\View\View->render('inventory/edit', [], true)
 3 APPPATH\Controllers\InventoryController.php(132): view('inventory/edit', [...])
 4 SYSTEMPATH\CodeIgniter.php(942): App\Controllers\InventoryController->edit('2')
 5 SYSTEMPATH\CodeIgniter.php(502): CodeIgniter\CodeIgniter->runController(Object(App\Controllers\InventoryController))
 6 SYSTEMPATH\CodeIgniter.php(361): CodeIgniter\CodeIgniter->handleRequest(null, Object(Config\Cache), false)
 7 FCPATH\index.php(79): CodeIgniter\CodeIgniter->run()
 8 SYSTEMPATH\Commands\Server\rewrite.php(47): require_once('C:\\laragon\\www\\AgilaEcommerce2\\public\\index.php')
CRITICAL - 2024-02-11 15:11:48 --> Invalid file: "inventory/edit.php"
in SYSTEMPATH\Exceptions\FrameworkException.php on line 39.
 1 SYSTEMPATH\View\View.php(216): CodeIgniter\Exceptions\FrameworkException::forInvalidFile('inventory/edit.php')
 2 SYSTEMPATH\Common.php(1190): CodeIgniter\View\View->render('inventory/edit', [], true)
 3 APPPATH\Controllers\InventoryController.php(132): view('inventory/edit', [...])
 4 SYSTEMPATH\CodeIgniter.php(942): App\Controllers\InventoryController->edit('2')
 5 SYSTEMPATH\CodeIgniter.php(502): CodeIgniter\CodeIgniter->runController(Object(App\Controllers\InventoryController))
 6 SYSTEMPATH\CodeIgniter.php(361): CodeIgniter\CodeIgniter->handleRequest(null, Object(Config\Cache), false)
 7 FCPATH\index.php(79): CodeIgniter\CodeIgniter->run()
 8 SYSTEMPATH\Commands\Server\rewrite.php(47): require_once('C:\\laragon\\www\\AgilaEcommerce2\\public\\index.php')
CRITICAL - 2024-02-11 15:11:48 --> Invalid file: "inventory/edit.php"
in SYSTEMPATH\Exceptions\FrameworkException.php on line 39.
 1 SYSTEMPATH\View\View.php(216): CodeIgniter\Exceptions\FrameworkException::forInvalidFile('inventory/edit.php')
 2 SYSTEMPATH\Common.php(1190): CodeIgniter\View\View->render('inventory/edit', [], true)
 3 APPPATH\Controllers\InventoryController.php(132): view('inventory/edit', [...])
 4 SYSTEMPATH\CodeIgniter.php(942): App\Controllers\InventoryController->edit('2')
 5 SYSTEMPATH\CodeIgniter.php(502): CodeIgniter\CodeIgniter->runController(Object(App\Controllers\InventoryController))
 6 SYSTEMPATH\CodeIgniter.php(361): CodeIgniter\CodeIgniter->handleRequest(null, Object(Config\Cache), false)
 7 FCPATH\index.php(79): CodeIgniter\CodeIgniter->run()
 8 SYSTEMPATH\Commands\Server\rewrite.php(47): require_once('C:\\laragon\\www\\AgilaEcommerce2\\public\\index.php')
CRITICAL - 2024-02-11 15:11:49 --> Invalid file: "inventory/edit.php"
in SYSTEMPATH\Exceptions\FrameworkException.php on line 39.
 1 SYSTEMPATH\View\View.php(216): CodeIgniter\Exceptions\FrameworkException::forInvalidFile('inventory/edit.php')
 2 SYSTEMPATH\Common.php(1190): CodeIgniter\View\View->render('inventory/edit', [], true)
 3 APPPATH\Controllers\InventoryController.php(132): view('inventory/edit', [...])
 4 SYSTEMPATH\CodeIgniter.php(942): App\Controllers\InventoryController->edit('2')
 5 SYSTEMPATH\CodeIgniter.php(502): CodeIgniter\CodeIgniter->runController(Object(App\Controllers\InventoryController))
 6 SYSTEMPATH\CodeIgniter.php(361): CodeIgniter\CodeIgniter->handleRequest(null, Object(Config\Cache), false)
 7 FCPATH\index.php(79): CodeIgniter\CodeIgniter->run()
 8 SYSTEMPATH\Commands\Server\rewrite.php(47): require_once('C:\\laragon\\www\\AgilaEcommerce2\\public\\index.php')
CRITICAL - 2024-02-11 15:11:49 --> Invalid file: "inventory/edit.php"
in SYSTEMPATH\Exceptions\FrameworkException.php on line 39.
 1 SYSTEMPATH\View\View.php(216): CodeIgniter\Exceptions\FrameworkException::forInvalidFile('inventory/edit.php')
 2 SYSTEMPATH\Common.php(1190): CodeIgniter\View\View->render('inventory/edit', [], true)
 3 APPPATH\Controllers\InventoryController.php(132): view('inventory/edit', [...])
 4 SYSTEMPATH\CodeIgniter.php(942): App\Controllers\InventoryController->edit('2')
 5 SYSTEMPATH\CodeIgniter.php(502): CodeIgniter\CodeIgniter->runController(Object(App\Controllers\InventoryController))
 6 SYSTEMPATH\CodeIgniter.php(361): CodeIgniter\CodeIgniter->handleRequest(null, Object(Config\Cache), false)
 7 FCPATH\index.php(79): CodeIgniter\CodeIgniter->run()
 8 SYSTEMPATH\Commands\Server\rewrite.php(47): require_once('C:\\laragon\\www\\AgilaEcommerce2\\public\\index.php')
CRITICAL - 2024-02-11 15:12:27 --> Invalid file: "inventory/edit.php"
in SYSTEMPATH\Exceptions\FrameworkException.php on line 39.
 1 SYSTEMPATH\View\View.php(216): CodeIgniter\Exceptions\FrameworkException::forInvalidFile('inventory/edit.php')
 2 SYSTEMPATH\Common.php(1190): CodeIgniter\View\View->render('inventory/edit', [], true)
 3 APPPATH\Controllers\InventoryController.php(132): view('inventory/edit', [...])
 4 SYSTEMPATH\CodeIgniter.php(942): App\Controllers\InventoryController->edit('2')
 5 SYSTEMPATH\CodeIgniter.php(502): CodeIgniter\CodeIgniter->runController(Object(App\Controllers\InventoryController))
 6 SYSTEMPATH\CodeIgniter.php(361): CodeIgniter\CodeIgniter->handleRequest(null, Object(Config\Cache), false)
 7 FCPATH\index.php(79): CodeIgniter\CodeIgniter->run()
 8 SYSTEMPATH\Commands\Server\rewrite.php(47): require_once('C:\\laragon\\www\\AgilaEcommerce2\\public\\index.php')
CRITICAL - 2024-02-11 15:13:38 --> view(): Argument #2 ($data) must be of type array, string given, called in C:\laragon\www\AgilaEcommerce2\app\Controllers\InventoryController.php on line 135
in SYSTEMPATH\Common.php on line 1178.
 1 APPPATH\Controllers\InventoryController.php(135): view('products/edit', '2')
 2 SYSTEMPATH\CodeIgniter.php(942): App\Controllers\InventoryController->update('2')
 3 SYSTEMPATH\CodeIgniter.php(502): CodeIgniter\CodeIgniter->runController(Object(App\Controllers\InventoryController))
 4 SYSTEMPATH\CodeIgniter.php(361): CodeIgniter\CodeIgniter->handleRequest(null, Object(Config\Cache), false)
 5 FCPATH\index.php(79): CodeIgniter\CodeIgniter->run()
 6 SYSTEMPATH\Commands\Server\rewrite.php(47): require_once('C:\\laragon\\www\\AgilaEcommerce2\\public\\index.php')
CRITICAL - 2024-02-11 15:14:11 --> Undefined variable $product
in APPPATH\Views\products\edit.php on line 12.
 1 APPPATH\Views\products\edit.php(12): CodeIgniter\Debug\Exceptions->errorHandler(2, 'Undefined variable $product', 'C:\\laragon\\www\\AgilaEcommerce2\\app\\Views\\products\\edit.php', 12)
 2 SYSTEMPATH\View\View.php(228): include('C:\\laragon\\www\\AgilaEcommerce2\\app\\Views\\products\\edit.php')
 3 SYSTEMPATH\View\View.php(231): CodeIgniter\View\View->CodeIgniter\View\{closure}()
 4 SYSTEMPATH\Common.php(1190): CodeIgniter\View\View->render('products/edit', [], true)
 5 APPPATH\Controllers\InventoryController.php(135): view('products/edit')
 6 SYSTEMPATH\CodeIgniter.php(942): App\Controllers\InventoryController->update('1')
 7 SYSTEMPATH\CodeIgniter.php(502): CodeIgniter\CodeIgniter->runController(Object(App\Controllers\InventoryController))
 8 SYSTEMPATH\CodeIgniter.php(361): CodeIgniter\CodeIgniter->handleRequest(null, Object(Config\Cache), false)
 9 FCPATH\index.php(79): CodeIgniter\CodeIgniter->run()
10 SYSTEMPATH\Commands\Server\rewrite.php(47): require_once('C:\\laragon\\www\\AgilaEcommerce2\\public\\index.php')
CRITICAL - 2024-02-11 15:14:22 --> Undefined variable $product
in APPPATH\Views\products\edit.php on line 12.
 1 APPPATH\Views\products\edit.php(12): CodeIgniter\Debug\Exceptions->errorHandler(2, 'Undefined variable $product', 'C:\\laragon\\www\\AgilaEcommerce2\\app\\Views\\products\\edit.php', 12)
 2 SYSTEMPATH\View\View.php(228): include('C:\\laragon\\www\\AgilaEcommerce2\\app\\Views\\products\\edit.php')
 3 SYSTEMPATH\View\View.php(231): CodeIgniter\View\View->CodeIgniter\View\{closure}()
 4 SYSTEMPATH\Common.php(1190): CodeIgniter\View\View->render('products/edit', [], true)
 5 APPPATH\Controllers\InventoryController.php(135): view('products/edit')
 6 SYSTEMPATH\CodeIgniter.php(942): App\Controllers\InventoryController->update('1')
 7 SYSTEMPATH\CodeIgniter.php(502): CodeIgniter\CodeIgniter->runController(Object(App\Controllers\InventoryController))
 8 SYSTEMPATH\CodeIgniter.php(361): CodeIgniter\CodeIgniter->handleRequest(null, Object(Config\Cache), false)
 9 FCPATH\index.php(79): CodeIgniter\CodeIgniter->run()
10 SYSTEMPATH\Commands\Server\rewrite.php(47): require_once('C:\\laragon\\www\\AgilaEcommerce2\\public\\index.php')
CRITICAL - 2024-02-11 15:17:03 --> Invalid file: "inventory/edit.php"
in SYSTEMPATH\Exceptions\FrameworkException.php on line 39.
 1 SYSTEMPATH\View\View.php(216): CodeIgniter\Exceptions\FrameworkException::forInvalidFile('inventory/edit.php')
 2 SYSTEMPATH\Common.php(1190): CodeIgniter\View\View->render('inventory/edit', [], true)
 3 APPPATH\Controllers\InventoryController.php(132): view('inventory/edit', [...])
 4 SYSTEMPATH\CodeIgniter.php(942): App\Controllers\InventoryController->edit('1')
 5 SYSTEMPATH\CodeIgniter.php(502): CodeIgniter\CodeIgniter->runController(Object(App\Controllers\InventoryController))
 6 SYSTEMPATH\CodeIgniter.php(361): CodeIgniter\CodeIgniter->handleRequest(null, Object(Config\Cache), false)
 7 FCPATH\index.php(79): CodeIgniter\CodeIgniter->run()
 8 SYSTEMPATH\Commands\Server\rewrite.php(47): require_once('C:\\laragon\\www\\AgilaEcommerce2\\public\\index.php')
CRITICAL - 2024-02-11 15:23:37 --> Undefined variable $data
in APPPATH\Controllers\InventoryController.php on line 130.
 1 APPPATH\Controllers\InventoryController.php(130): CodeIgniter\Debug\Exceptions->errorHandler(2, 'Undefined variable $data', 'C:\\laragon\\www\\AgilaEcommerce2\\app\\Controllers\\InventoryController.php', 130)
 2 SYSTEMPATH\CodeIgniter.php(942): App\Controllers\InventoryController->edit('1')
 3 SYSTEMPATH\CodeIgniter.php(502): CodeIgniter\CodeIgniter->runController(Object(App\Controllers\InventoryController))
 4 SYSTEMPATH\CodeIgniter.php(361): CodeIgniter\CodeIgniter->handleRequest(null, Object(Config\Cache), false)
 5 FCPATH\index.php(79): CodeIgniter\CodeIgniter->run()
 6 SYSTEMPATH\Commands\Server\rewrite.php(47): require_once('C:\\laragon\\www\\AgilaEcommerce2\\public\\index.php')
CRITICAL - 2024-02-11 15:23:48 --> Invalid file: "inventory/edit.php"
in SYSTEMPATH\Exceptions\FrameworkException.php on line 39.
 1 SYSTEMPATH\View\View.php(216): CodeIgniter\Exceptions\FrameworkException::forInvalidFile('inventory/edit.php')
 2 SYSTEMPATH\Common.php(1190): CodeIgniter\View\View->render('inventory/edit', [], true)
 3 APPPATH\Controllers\InventoryController.php(130): view('inventory/edit')
 4 SYSTEMPATH\CodeIgniter.php(942): App\Controllers\InventoryController->edit('1')
 5 SYSTEMPATH\CodeIgniter.php(502): CodeIgniter\CodeIgniter->runController(Object(App\Controllers\InventoryController))
 6 SYSTEMPATH\CodeIgniter.php(361): CodeIgniter\CodeIgniter->handleRequest(null, Object(Config\Cache), false)
 7 FCPATH\index.php(79): CodeIgniter\CodeIgniter->run()
 8 SYSTEMPATH\Commands\Server\rewrite.php(47): require_once('C:\\laragon\\www\\AgilaEcommerce2\\public\\index.php')
CRITICAL - 2024-02-11 15:24:36 --> Invalid file: "inventory/edit.php"
in SYSTEMPATH\Exceptions\FrameworkException.php on line 39.
 1 SYSTEMPATH\View\View.php(216): CodeIgniter\Exceptions\FrameworkException::forInvalidFile('inventory/edit.php')
 2 SYSTEMPATH\Common.php(1190): CodeIgniter\View\View->render('inventory/edit', [], true)
 3 APPPATH\Controllers\InventoryController.php(132): view('inventory/edit', [...])
 4 SYSTEMPATH\CodeIgniter.php(942): App\Controllers\InventoryController->edit('1')
 5 SYSTEMPATH\CodeIgniter.php(502): CodeIgniter\CodeIgniter->runController(Object(App\Controllers\InventoryController))
 6 SYSTEMPATH\CodeIgniter.php(361): CodeIgniter\CodeIgniter->handleRequest(null, Object(Config\Cache), false)
 7 FCPATH\index.php(79): CodeIgniter\CodeIgniter->run()
 8 SYSTEMPATH\Commands\Server\rewrite.php(47): require_once('C:\\laragon\\www\\AgilaEcommerce2\\public\\index.php')
CRITICAL - 2024-02-11 15:24:50 --> Invalid file: "inventory/edit.php"
in SYSTEMPATH\Exceptions\FrameworkException.php on line 39.
 1 SYSTEMPATH\View\View.php(216): CodeIgniter\Exceptions\FrameworkException::forInvalidFile('inventory/edit.php')
 2 SYSTEMPATH\Common.php(1190): CodeIgniter\View\View->render('inventory/edit', [], true)
 3 APPPATH\Controllers\InventoryController.php(132): view('inventory/edit', [...])
 4 SYSTEMPATH\CodeIgniter.php(942): App\Controllers\InventoryController->edit('1')
 5 SYSTEMPATH\CodeIgniter.php(502): CodeIgniter\CodeIgniter->runController(Object(App\Controllers\InventoryController))
 6 SYSTEMPATH\CodeIgniter.php(361): CodeIgniter\CodeIgniter->handleRequest(null, Object(Config\Cache), false)
 7 FCPATH\index.php(79): CodeIgniter\CodeIgniter->run()
 8 SYSTEMPATH\Commands\Server\rewrite.php(47): require_once('C:\\laragon\\www\\AgilaEcommerce2\\public\\index.php')
CRITICAL - 2024-02-11 15:25:23 --> Undefined variable $product
in APPPATH\Views\products\edit.php on line 12.
 1 APPPATH\Views\products\edit.php(12): CodeIgniter\Debug\Exceptions->errorHandler(2, 'Undefined variable $product', 'C:\\laragon\\www\\AgilaEcommerce2\\app\\Views\\products\\edit.php', 12)
 2 SYSTEMPATH\View\View.php(228): include('C:\\laragon\\www\\AgilaEcommerce2\\app\\Views\\products\\edit.php')
 3 SYSTEMPATH\View\View.php(231): CodeIgniter\View\View->CodeIgniter\View\{closure}()
 4 SYSTEMPATH\Common.php(1190): CodeIgniter\View\View->render('products/edit', [], true)
 5 APPPATH\Controllers\InventoryController.php(132): view('products/edit', [...])
 6 SYSTEMPATH\CodeIgniter.php(942): App\Controllers\InventoryController->edit('1')
 7 SYSTEMPATH\CodeIgniter.php(502): CodeIgniter\CodeIgniter->runController(Object(App\Controllers\InventoryController))
 8 SYSTEMPATH\CodeIgniter.php(361): CodeIgniter\CodeIgniter->handleRequest(null, Object(Config\Cache), false)
 9 FCPATH\index.php(79): CodeIgniter\CodeIgniter->run()
10 SYSTEMPATH\Commands\Server\rewrite.php(47): require_once('C:\\laragon\\www\\AgilaEcommerce2\\public\\index.php')
CRITICAL - 2024-02-11 15:27:36 --> Undefined array key "ProductDescription"
in APPPATH\Views\products\edit.php on line 20.
 1 APPPATH\Views\products\edit.php(20): CodeIgniter\Debug\Exceptions->errorHandler(2, 'Undefined array key "ProductDescription"', 'C:\\laragon\\www\\AgilaEcommerce2\\app\\Views\\products\\edit.php', 20)
 2 SYSTEMPATH\View\View.php(228): include('C:\\laragon\\www\\AgilaEcommerce2\\app\\Views\\products\\edit.php')
 3 SYSTEMPATH\View\View.php(231): CodeIgniter\View\View->CodeIgniter\View\{closure}()
 4 SYSTEMPATH\Common.php(1190): CodeIgniter\View\View->render('products/edit', [], true)
 5 APPPATH\Controllers\InventoryController.php(132): view('products/edit', [...])
 6 SYSTEMPATH\CodeIgniter.php(942): App\Controllers\InventoryController->edit('1')
 7 SYSTEMPATH\CodeIgniter.php(502): CodeIgniter\CodeIgniter->runController(Object(App\Controllers\InventoryController))
 8 SYSTEMPATH\CodeIgniter.php(361): CodeIgniter\CodeIgniter->handleRequest(null, Object(Config\Cache), false)
 9 FCPATH\index.php(79): CodeIgniter\CodeIgniter->run()
10 SYSTEMPATH\Commands\Server\rewrite.php(47): require_once('C:\\laragon\\www\\AgilaEcommerce2\\public\\index.php')
CRITICAL - 2024-02-11 15:28:15 --> Undefined array key "fDescription"
in APPPATH\Views\products\edit.php on line 20.
 1 APPPATH\Views\products\edit.php(20): CodeIgniter\Debug\Exceptions->errorHandler(2, 'Undefined array key "fDescription"', 'C:\\laragon\\www\\AgilaEcommerce2\\app\\Views\\products\\edit.php', 20)
 2 SYSTEMPATH\View\View.php(228): include('C:\\laragon\\www\\AgilaEcommerce2\\app\\Views\\products\\edit.php')
 3 SYSTEMPATH\View\View.php(231): CodeIgniter\View\View->CodeIgniter\View\{closure}()
 4 SYSTEMPATH\Common.php(1190): CodeIgniter\View\View->render('products/edit', [], true)
 5 APPPATH\Controllers\InventoryController.php(132): view('products/edit', [...])
 6 SYSTEMPATH\CodeIgniter.php(942): App\Controllers\InventoryController->edit('1')
 7 SYSTEMPATH\CodeIgniter.php(502): CodeIgniter\CodeIgniter->runController(Object(App\Controllers\InventoryController))
 8 SYSTEMPATH\CodeIgniter.php(361): CodeIgniter\CodeIgniter->handleRequest(null, Object(Config\Cache), false)
 9 FCPATH\index.php(79): CodeIgniter\CodeIgniter->run()
10 SYSTEMPATH\Commands\Server\rewrite.php(47): require_once('C:\\laragon\\www\\AgilaEcommerce2\\public\\index.php')
