CRITICAL - 2024-02-10 14:50:05 --> Undefined variable $p
in APPPATH\Views\inventory_view.php on line 136.
 1 APPPATH\Views\inventory_view.php(136): CodeIgniter\Debug\Exceptions->errorHandler(2, 'Undefined variable $p', 'C:\\laragon\\www\\AgilaEcommerce2\\app\\Views\\inventory_view.php', 136)
 2 SYSTEMPATH\View\View.php(228): include('C:\\laragon\\www\\AgilaEcommerce2\\app\\Views\\inventory_view.php')
 3 SYSTEMPATH\View\View.php(231): CodeIgniter\View\View->CodeIgniter\View\{closure}()
 4 SYSTEMPATH\Common.php(1190): CodeIgniter\View\View->render('inventory_view', [], true)
 5 APPPATH\Controllers\InventoryController.php(18): view('inventory_view', [...])
 6 SYSTEMPATH\CodeIgniter.php(942): App\Controllers\InventoryController->index2()
 7 SYSTEMPATH\CodeIgniter.php(502): CodeIgniter\CodeIgniter->runController(Object(App\Controllers\InventoryController))
 8 SYSTEMPATH\CodeIgniter.php(361): CodeIgniter\CodeIgniter->handleRequest(null, Object(Config\Cache), false)
 9 FCPATH\index.php(79): CodeIgniter\CodeIgniter->run()
10 SYSTEMPATH\Commands\Server\rewrite.php(47): require_once('C:\\laragon\\www\\AgilaEcommerce2\\public\\index.php')
CRITICAL - 2024-02-10 14:50:19 --> Undefined array key "ProductCategory"
in APPPATH\Views\inventory_view.php on line 136.
 1 APPPATH\Views\inventory_view.php(136): CodeIgniter\Debug\Exceptions->errorHandler(2, 'Undefined array key "ProductCategory"', 'C:\\laragon\\www\\AgilaEcommerce2\\app\\Views\\inventory_view.php', 136)
 2 SYSTEMPATH\View\View.php(228): include('C:\\laragon\\www\\AgilaEcommerce2\\app\\Views\\inventory_view.php')
 3 SYSTEMPATH\View\View.php(231): CodeIgniter\View\View->CodeIgniter\View\{closure}()
 4 SYSTEMPATH\Common.php(1190): CodeIgniter\View\View->render('inventory_view', [], true)
 5 APPPATH\Controllers\InventoryController.php(18): view('inventory_view', [...])
 6 SYSTEMPATH\CodeIgniter.php(942): App\Controllers\InventoryController->index2()
 7 SYSTEMPATH\CodeIgniter.php(502): CodeIgniter\CodeIgniter->runController(Object(App\Controllers\InventoryController))
 8 SYSTEMPATH\CodeIgniter.php(361): CodeIgniter\CodeIgniter->handleRequest(null, Object(Config\Cache), false)
 9 FCPATH\index.php(79): CodeIgniter\CodeIgniter->run()
10 SYSTEMPATH\Commands\Server\rewrite.php(47): require_once('C:\\laragon\\www\\AgilaEcommerce2\\public\\index.php')
CRITICAL - 2024-02-10 14:50:29 --> Undefined array key "CategoryName"
in APPPATH\Views\inventory_view.php on line 136.
 1 APPPATH\Views\inventory_view.php(136): CodeIgniter\Debug\Exceptions->errorHandler(2, 'Undefined array key "CategoryName"', 'C:\\laragon\\www\\AgilaEcommerce2\\app\\Views\\inventory_view.php', 136)
 2 SYSTEMPATH\View\View.php(228): include('C:\\laragon\\www\\AgilaEcommerce2\\app\\Views\\inventory_view.php')
 3 SYSTEMPATH\View\View.php(231): CodeIgniter\View\View->CodeIgniter\View\{closure}()
 4 SYSTEMPATH\Common.php(1190): CodeIgniter\View\View->render('inventory_view', [], true)
 5 APPPATH\Controllers\InventoryController.php(18): view('inventory_view', [...])
 6 SYSTEMPATH\CodeIgniter.php(942): App\Controllers\InventoryController->index2()
 7 SYSTEMPATH\CodeIgniter.php(502): CodeIgniter\CodeIgniter->runController(Object(App\Controllers\InventoryController))
 8 SYSTEMPATH\CodeIgniter.php(361): CodeIgniter\CodeIgniter->handleRequest(null, Object(Config\Cache), false)
 9 FCPATH\index.php(79): CodeIgniter\CodeIgniter->run()
10 SYSTEMPATH\Commands\Server\rewrite.php(47): require_once('C:\\laragon\\www\\AgilaEcommerce2\\public\\index.php')
CRITICAL - 2024-02-10 14:54:29 --> Undefined array key "CategoryName"
in APPPATH\Views\inventory_view.php on line 136.
 1 APPPATH\Views\inventory_view.php(136): CodeIgniter\Debug\Exceptions->errorHandler(2, 'Undefined array key "CategoryName"', 'C:\\laragon\\www\\AgilaEcommerce2\\app\\Views\\inventory_view.php', 136)
 2 SYSTEMPATH\View\View.php(228): include('C:\\laragon\\www\\AgilaEcommerce2\\app\\Views\\inventory_view.php')
 3 SYSTEMPATH\View\View.php(231): CodeIgniter\View\View->CodeIgniter\View\{closure}()
 4 SYSTEMPATH\Common.php(1190): CodeIgniter\View\View->render('inventory_view', [], true)
 5 APPPATH\Controllers\InventoryController.php(18): view('inventory_view', [...])
 6 SYSTEMPATH\CodeIgniter.php(942): App\Controllers\InventoryController->index2()
 7 SYSTEMPATH\CodeIgniter.php(502): CodeIgniter\CodeIgniter->runController(Object(App\Controllers\InventoryController))
 8 SYSTEMPATH\CodeIgniter.php(361): CodeIgniter\CodeIgniter->handleRequest(null, Object(Config\Cache), false)
 9 FCPATH\index.php(79): CodeIgniter\CodeIgniter->run()
10 SYSTEMPATH\Commands\Server\rewrite.php(47): require_once('C:\\laragon\\www\\AgilaEcommerce2\\public\\index.php')
CRITICAL - 2024-02-10 14:55:02 --> Undefined array key "CategoryName"
in APPPATH\Views\inventory_view.php on line 136.
 1 APPPATH\Views\inventory_view.php(136): CodeIgniter\Debug\Exceptions->errorHandler(2, 'Undefined array key "CategoryName"', 'C:\\laragon\\www\\AgilaEcommerce2\\app\\Views\\inventory_view.php', 136)
 2 SYSTEMPATH\View\View.php(228): include('C:\\laragon\\www\\AgilaEcommerce2\\app\\Views\\inventory_view.php')
 3 SYSTEMPATH\View\View.php(231): CodeIgniter\View\View->CodeIgniter\View\{closure}()
 4 SYSTEMPATH\Common.php(1190): CodeIgniter\View\View->render('inventory_view', [], true)
 5 APPPATH\Controllers\InventoryController.php(18): view('inventory_view', [...])
 6 SYSTEMPATH\CodeIgniter.php(942): App\Controllers\InventoryController->index2()
 7 SYSTEMPATH\CodeIgniter.php(502): CodeIgniter\CodeIgniter->runController(Object(App\Controllers\InventoryController))
 8 SYSTEMPATH\CodeIgniter.php(361): CodeIgniter\CodeIgniter->handleRequest(null, Object(Config\Cache), false)
 9 FCPATH\index.php(79): CodeIgniter\CodeIgniter->run()
10 SYSTEMPATH\Commands\Server\rewrite.php(47): require_once('C:\\laragon\\www\\AgilaEcommerce2\\public\\index.php')
CRITICAL - 2024-02-10 14:55:03 --> Undefined array key "CategoryName"
in APPPATH\Views\inventory_view.php on line 136.
 1 APPPATH\Views\inventory_view.php(136): CodeIgniter\Debug\Exceptions->errorHandler(2, 'Undefined array key "CategoryName"', 'C:\\laragon\\www\\AgilaEcommerce2\\app\\Views\\inventory_view.php', 136)
 2 SYSTEMPATH\View\View.php(228): include('C:\\laragon\\www\\AgilaEcommerce2\\app\\Views\\inventory_view.php')
 3 SYSTEMPATH\View\View.php(231): CodeIgniter\View\View->CodeIgniter\View\{closure}()
 4 SYSTEMPATH\Common.php(1190): CodeIgniter\View\View->render('inventory_view', [], true)
 5 APPPATH\Controllers\InventoryController.php(18): view('inventory_view', [...])
 6 SYSTEMPATH\CodeIgniter.php(942): App\Controllers\InventoryController->index2()
 7 SYSTEMPATH\CodeIgniter.php(502): CodeIgniter\CodeIgniter->runController(Object(App\Controllers\InventoryController))
 8 SYSTEMPATH\CodeIgniter.php(361): CodeIgniter\CodeIgniter->handleRequest(null, Object(Config\Cache), false)
 9 FCPATH\index.php(79): CodeIgniter\CodeIgniter->run()
10 SYSTEMPATH\Commands\Server\rewrite.php(47): require_once('C:\\laragon\\www\\AgilaEcommerce2\\public\\index.php')
CRITICAL - 2024-02-10 14:55:03 --> Undefined array key "CategoryName"
in APPPATH\Views\inventory_view.php on line 136.
 1 APPPATH\Views\inventory_view.php(136): CodeIgniter\Debug\Exceptions->errorHandler(2, 'Undefined array key "CategoryName"', 'C:\\laragon\\www\\AgilaEcommerce2\\app\\Views\\inventory_view.php', 136)
 2 SYSTEMPATH\View\View.php(228): include('C:\\laragon\\www\\AgilaEcommerce2\\app\\Views\\inventory_view.php')
 3 SYSTEMPATH\View\View.php(231): CodeIgniter\View\View->CodeIgniter\View\{closure}()
 4 SYSTEMPATH\Common.php(1190): CodeIgniter\View\View->render('inventory_view', [], true)
 5 APPPATH\Controllers\InventoryController.php(18): view('inventory_view', [...])
 6 SYSTEMPATH\CodeIgniter.php(942): App\Controllers\InventoryController->index2()
 7 SYSTEMPATH\CodeIgniter.php(502): CodeIgniter\CodeIgniter->runController(Object(App\Controllers\InventoryController))
 8 SYSTEMPATH\CodeIgniter.php(361): CodeIgniter\CodeIgniter->handleRequest(null, Object(Config\Cache), false)
 9 FCPATH\index.php(79): CodeIgniter\CodeIgniter->run()
10 SYSTEMPATH\Commands\Server\rewrite.php(47): require_once('C:\\laragon\\www\\AgilaEcommerce2\\public\\index.php')
CRITICAL - 2024-02-10 15:01:50 --> Undefined variable $p
in APPPATH\Views\inventory_view.php on line 142.
 1 APPPATH\Views\inventory_view.php(142): CodeIgniter\Debug\Exceptions->errorHandler(2, 'Undefined variable $p', 'C:\\laragon\\www\\AgilaEcommerce2\\app\\Views\\inventory_view.php', 142)
 2 SYSTEMPATH\View\View.php(228): include('C:\\laragon\\www\\AgilaEcommerce2\\app\\Views\\inventory_view.php')
 3 SYSTEMPATH\View\View.php(231): CodeIgniter\View\View->CodeIgniter\View\{closure}()
 4 SYSTEMPATH\Common.php(1190): CodeIgniter\View\View->render('inventory_view', [], true)
 5 APPPATH\Controllers\InventoryController.php(18): view('inventory_view', [...])
 6 SYSTEMPATH\CodeIgniter.php(942): App\Controllers\InventoryController->index2()
 7 SYSTEMPATH\CodeIgniter.php(502): CodeIgniter\CodeIgniter->runController(Object(App\Controllers\InventoryController))
 8 SYSTEMPATH\CodeIgniter.php(361): CodeIgniter\CodeIgniter->handleRequest(null, Object(Config\Cache), false)
 9 FCPATH\index.php(79): CodeIgniter\CodeIgniter->run()
10 SYSTEMPATH\Commands\Server\rewrite.php(47): require_once('C:\\laragon\\www\\AgilaEcommerce2\\public\\index.php')
CRITICAL - 2024-02-10 15:23:31 --> Undefined variable $categories
in APPPATH\Views\inventory_view.php on line 92.
 1 APPPATH\Views\inventory_view.php(92): CodeIgniter\Debug\Exceptions->errorHandler(2, 'Undefined variable $categories', 'C:\\laragon\\www\\AgilaEcommerce2\\app\\Views\\inventory_view.php', 92)
 2 SYSTEMPATH\View\View.php(228): include('C:\\laragon\\www\\AgilaEcommerce2\\app\\Views\\inventory_view.php')
 3 SYSTEMPATH\View\View.php(231): CodeIgniter\View\View->CodeIgniter\View\{closure}()
 4 SYSTEMPATH\Common.php(1190): CodeIgniter\View\View->render('inventory_view', [], true)
 5 APPPATH\Controllers\InventoryController.php(18): view('inventory_view', [...])
 6 SYSTEMPATH\CodeIgniter.php(942): App\Controllers\InventoryController->index2()
 7 SYSTEMPATH\CodeIgniter.php(502): CodeIgniter\CodeIgniter->runController(Object(App\Controllers\InventoryController))
 8 SYSTEMPATH\CodeIgniter.php(361): CodeIgniter\CodeIgniter->handleRequest(null, Object(Config\Cache), false)
 9 FCPATH\index.php(79): CodeIgniter\CodeIgniter->run()
10 SYSTEMPATH\Commands\Server\rewrite.php(47): require_once('C:\\laragon\\www\\AgilaEcommerce2\\public\\index.php')
CRITICAL - 2024-02-10 15:27:45 --> Undefined variable $categories
in APPPATH\Views\inventory_view.php on line 92.
 1 APPPATH\Views\inventory_view.php(92): CodeIgniter\Debug\Exceptions->errorHandler(2, 'Undefined variable $categories', 'C:\\laragon\\www\\AgilaEcommerce2\\app\\Views\\inventory_view.php', 92)
 2 SYSTEMPATH\View\View.php(228): include('C:\\laragon\\www\\AgilaEcommerce2\\app\\Views\\inventory_view.php')
 3 SYSTEMPATH\View\View.php(231): CodeIgniter\View\View->CodeIgniter\View\{closure}()
 4 SYSTEMPATH\Common.php(1190): CodeIgniter\View\View->render('inventory_view', [], true)
 5 APPPATH\Controllers\InventoryController.php(18): view('inventory_view', [...])
 6 SYSTEMPATH\CodeIgniter.php(942): App\Controllers\InventoryController->index2()
 7 SYSTEMPATH\CodeIgniter.php(502): CodeIgniter\CodeIgniter->runController(Object(App\Controllers\InventoryController))
 8 SYSTEMPATH\CodeIgniter.php(361): CodeIgniter\CodeIgniter->handleRequest(null, Object(Config\Cache), false)
 9 FCPATH\index.php(79): CodeIgniter\CodeIgniter->run()
10 SYSTEMPATH\Commands\Server\rewrite.php(47): require_once('C:\\laragon\\www\\AgilaEcommerce2\\public\\index.php')
CRITICAL - 2024-02-10 15:27:47 --> Undefined variable $categories
in APPPATH\Views\inventory_view.php on line 92.
 1 APPPATH\Views\inventory_view.php(92): CodeIgniter\Debug\Exceptions->errorHandler(2, 'Undefined variable $categories', 'C:\\laragon\\www\\AgilaEcommerce2\\app\\Views\\inventory_view.php', 92)
 2 SYSTEMPATH\View\View.php(228): include('C:\\laragon\\www\\AgilaEcommerce2\\app\\Views\\inventory_view.php')
 3 SYSTEMPATH\View\View.php(231): CodeIgniter\View\View->CodeIgniter\View\{closure}()
 4 SYSTEMPATH\Common.php(1190): CodeIgniter\View\View->render('inventory_view', [], true)
 5 APPPATH\Controllers\InventoryController.php(18): view('inventory_view', [...])
 6 SYSTEMPATH\CodeIgniter.php(942): App\Controllers\InventoryController->index2()
 7 SYSTEMPATH\CodeIgniter.php(502): CodeIgniter\CodeIgniter->runController(Object(App\Controllers\InventoryController))
 8 SYSTEMPATH\CodeIgniter.php(361): CodeIgniter\CodeIgniter->handleRequest(null, Object(Config\Cache), false)
 9 FCPATH\index.php(79): CodeIgniter\CodeIgniter->run()
10 SYSTEMPATH\Commands\Server\rewrite.php(47): require_once('C:\\laragon\\www\\AgilaEcommerce2\\public\\index.php')
CRITICAL - 2024-02-10 15:27:47 --> Undefined variable $categories
in APPPATH\Views\inventory_view.php on line 92.
 1 APPPATH\Views\inventory_view.php(92): CodeIgniter\Debug\Exceptions->errorHandler(2, 'Undefined variable $categories', 'C:\\laragon\\www\\AgilaEcommerce2\\app\\Views\\inventory_view.php', 92)
 2 SYSTEMPATH\View\View.php(228): include('C:\\laragon\\www\\AgilaEcommerce2\\app\\Views\\inventory_view.php')
 3 SYSTEMPATH\View\View.php(231): CodeIgniter\View\View->CodeIgniter\View\{closure}()
 4 SYSTEMPATH\Common.php(1190): CodeIgniter\View\View->render('inventory_view', [], true)
 5 APPPATH\Controllers\InventoryController.php(18): view('inventory_view', [...])
 6 SYSTEMPATH\CodeIgniter.php(942): App\Controllers\InventoryController->index2()
 7 SYSTEMPATH\CodeIgniter.php(502): CodeIgniter\CodeIgniter->runController(Object(App\Controllers\InventoryController))
 8 SYSTEMPATH\CodeIgniter.php(361): CodeIgniter\CodeIgniter->handleRequest(null, Object(Config\Cache), false)
 9 FCPATH\index.php(79): CodeIgniter\CodeIgniter->run()
10 SYSTEMPATH\Commands\Server\rewrite.php(47): require_once('C:\\laragon\\www\\AgilaEcommerce2\\public\\index.php')
CRITICAL - 2024-02-10 15:30:08 --> Undefined variable $categories
in APPPATH\Views\inventory_view.php on line 92.
 1 APPPATH\Views\inventory_view.php(92): CodeIgniter\Debug\Exceptions->errorHandler(2, 'Undefined variable $categories', 'C:\\laragon\\www\\AgilaEcommerce2\\app\\Views\\inventory_view.php', 92)
 2 SYSTEMPATH\View\View.php(228): include('C:\\laragon\\www\\AgilaEcommerce2\\app\\Views\\inventory_view.php')
 3 SYSTEMPATH\View\View.php(231): CodeIgniter\View\View->CodeIgniter\View\{closure}()
 4 SYSTEMPATH\Common.php(1190): CodeIgniter\View\View->render('inventory_view', [], true)
 5 APPPATH\Controllers\InventoryController.php(18): view('inventory_view', [...])
 6 SYSTEMPATH\CodeIgniter.php(942): App\Controllers\InventoryController->index2()
 7 SYSTEMPATH\CodeIgniter.php(502): CodeIgniter\CodeIgniter->runController(Object(App\Controllers\InventoryController))
 8 SYSTEMPATH\CodeIgniter.php(361): CodeIgniter\CodeIgniter->handleRequest(null, Object(Config\Cache), false)
 9 FCPATH\index.php(79): CodeIgniter\CodeIgniter->run()
10 SYSTEMPATH\Commands\Server\rewrite.php(47): require_once('C:\\laragon\\www\\AgilaEcommerce2\\public\\index.php')
CRITICAL - 2024-02-10 15:32:15 --> Undefined variable $categories
in APPPATH\Views\inventory_view.php on line 92.
 1 APPPATH\Views\inventory_view.php(92): CodeIgniter\Debug\Exceptions->errorHandler(2, 'Undefined variable $categories', 'C:\\laragon\\www\\AgilaEcommerce2\\app\\Views\\inventory_view.php', 92)
 2 SYSTEMPATH\View\View.php(228): include('C:\\laragon\\www\\AgilaEcommerce2\\app\\Views\\inventory_view.php')
 3 SYSTEMPATH\View\View.php(231): CodeIgniter\View\View->CodeIgniter\View\{closure}()
 4 SYSTEMPATH\Common.php(1190): CodeIgniter\View\View->render('inventory_view', [], true)
 5 APPPATH\Controllers\InventoryController.php(18): view('inventory_view', [...])
 6 SYSTEMPATH\CodeIgniter.php(942): App\Controllers\InventoryController->index2()
 7 SYSTEMPATH\CodeIgniter.php(502): CodeIgniter\CodeIgniter->runController(Object(App\Controllers\InventoryController))
 8 SYSTEMPATH\CodeIgniter.php(361): CodeIgniter\CodeIgniter->handleRequest(null, Object(Config\Cache), false)
 9 FCPATH\index.php(79): CodeIgniter\CodeIgniter->run()
10 SYSTEMPATH\Commands\Server\rewrite.php(47): require_once('C:\\laragon\\www\\AgilaEcommerce2\\public\\index.php')
CRITICAL - 2024-02-10 15:32:37 --> Undefined variable $categories
in APPPATH\Views\inventory_view.php on line 92.
 1 APPPATH\Views\inventory_view.php(92): CodeIgniter\Debug\Exceptions->errorHandler(2, 'Undefined variable $categories', 'C:\\laragon\\www\\AgilaEcommerce2\\app\\Views\\inventory_view.php', 92)
 2 SYSTEMPATH\View\View.php(228): include('C:\\laragon\\www\\AgilaEcommerce2\\app\\Views\\inventory_view.php')
 3 SYSTEMPATH\View\View.php(231): CodeIgniter\View\View->CodeIgniter\View\{closure}()
 4 SYSTEMPATH\Common.php(1190): CodeIgniter\View\View->render('inventory_view', [], true)
 5 APPPATH\Controllers\InventoryController.php(18): view('inventory_view', [...])
 6 SYSTEMPATH\CodeIgniter.php(942): App\Controllers\InventoryController->index2()
 7 SYSTEMPATH\CodeIgniter.php(502): CodeIgniter\CodeIgniter->runController(Object(App\Controllers\InventoryController))
 8 SYSTEMPATH\CodeIgniter.php(361): CodeIgniter\CodeIgniter->handleRequest(null, Object(Config\Cache), false)
 9 FCPATH\index.php(79): CodeIgniter\CodeIgniter->run()
10 SYSTEMPATH\Commands\Server\rewrite.php(47): require_once('C:\\laragon\\www\\AgilaEcommerce2\\public\\index.php')
CRITICAL - 2024-02-10 15:37:13 --> Undefined variable $categories
in APPPATH\Views\inventory_view.php on line 92.
 1 APPPATH\Views\inventory_view.php(92): CodeIgniter\Debug\Exceptions->errorHandler(2, 'Undefined variable $categories', 'C:\\laragon\\www\\AgilaEcommerce2\\app\\Views\\inventory_view.php', 92)
 2 SYSTEMPATH\View\View.php(228): include('C:\\laragon\\www\\AgilaEcommerce2\\app\\Views\\inventory_view.php')
 3 SYSTEMPATH\View\View.php(231): CodeIgniter\View\View->CodeIgniter\View\{closure}()
 4 SYSTEMPATH\Common.php(1190): CodeIgniter\View\View->render('inventory_view', [], true)
 5 APPPATH\Controllers\InventoryController.php(18): view('inventory_view', [...])
 6 SYSTEMPATH\CodeIgniter.php(942): App\Controllers\InventoryController->index2()
 7 SYSTEMPATH\CodeIgniter.php(502): CodeIgniter\CodeIgniter->runController(Object(App\Controllers\InventoryController))
 8 SYSTEMPATH\CodeIgniter.php(361): CodeIgniter\CodeIgniter->handleRequest(null, Object(Config\Cache), false)
 9 FCPATH\index.php(79): CodeIgniter\CodeIgniter->run()
10 SYSTEMPATH\Commands\Server\rewrite.php(47): require_once('C:\\laragon\\www\\AgilaEcommerce2\\public\\index.php')
CRITICAL - 2024-02-10 15:37:15 --> Undefined variable $categories
in APPPATH\Views\inventory_view.php on line 92.
 1 APPPATH\Views\inventory_view.php(92): CodeIgniter\Debug\Exceptions->errorHandler(2, 'Undefined variable $categories', 'C:\\laragon\\www\\AgilaEcommerce2\\app\\Views\\inventory_view.php', 92)
 2 SYSTEMPATH\View\View.php(228): include('C:\\laragon\\www\\AgilaEcommerce2\\app\\Views\\inventory_view.php')
 3 SYSTEMPATH\View\View.php(231): CodeIgniter\View\View->CodeIgniter\View\{closure}()
 4 SYSTEMPATH\Common.php(1190): CodeIgniter\View\View->render('inventory_view', [], true)
 5 APPPATH\Controllers\InventoryController.php(18): view('inventory_view', [...])
 6 SYSTEMPATH\CodeIgniter.php(942): App\Controllers\InventoryController->index2()
 7 SYSTEMPATH\CodeIgniter.php(502): CodeIgniter\CodeIgniter->runController(Object(App\Controllers\InventoryController))
 8 SYSTEMPATH\CodeIgniter.php(361): CodeIgniter\CodeIgniter->handleRequest(null, Object(Config\Cache), false)
 9 FCPATH\index.php(79): CodeIgniter\CodeIgniter->run()
10 SYSTEMPATH\Commands\Server\rewrite.php(47): require_once('C:\\laragon\\www\\AgilaEcommerce2\\public\\index.php')
CRITICAL - 2024-02-10 15:37:15 --> Undefined variable $categories
in APPPATH\Views\inventory_view.php on line 92.
 1 APPPATH\Views\inventory_view.php(92): CodeIgniter\Debug\Exceptions->errorHandler(2, 'Undefined variable $categories', 'C:\\laragon\\www\\AgilaEcommerce2\\app\\Views\\inventory_view.php', 92)
 2 SYSTEMPATH\View\View.php(228): include('C:\\laragon\\www\\AgilaEcommerce2\\app\\Views\\inventory_view.php')
 3 SYSTEMPATH\View\View.php(231): CodeIgniter\View\View->CodeIgniter\View\{closure}()
 4 SYSTEMPATH\Common.php(1190): CodeIgniter\View\View->render('inventory_view', [], true)
 5 APPPATH\Controllers\InventoryController.php(18): view('inventory_view', [...])
 6 SYSTEMPATH\CodeIgniter.php(942): App\Controllers\InventoryController->index2()
 7 SYSTEMPATH\CodeIgniter.php(502): CodeIgniter\CodeIgniter->runController(Object(App\Controllers\InventoryController))
 8 SYSTEMPATH\CodeIgniter.php(361): CodeIgniter\CodeIgniter->handleRequest(null, Object(Config\Cache), false)
 9 FCPATH\index.php(79): CodeIgniter\CodeIgniter->run()
10 SYSTEMPATH\Commands\Server\rewrite.php(47): require_once('C:\\laragon\\www\\AgilaEcommerce2\\public\\index.php')
CRITICAL - 2024-02-10 15:37:15 --> Undefined variable $categories
in APPPATH\Views\inventory_view.php on line 92.
 1 APPPATH\Views\inventory_view.php(92): CodeIgniter\Debug\Exceptions->errorHandler(2, 'Undefined variable $categories', 'C:\\laragon\\www\\AgilaEcommerce2\\app\\Views\\inventory_view.php', 92)
 2 SYSTEMPATH\View\View.php(228): include('C:\\laragon\\www\\AgilaEcommerce2\\app\\Views\\inventory_view.php')
 3 SYSTEMPATH\View\View.php(231): CodeIgniter\View\View->CodeIgniter\View\{closure}()
 4 SYSTEMPATH\Common.php(1190): CodeIgniter\View\View->render('inventory_view', [], true)
 5 APPPATH\Controllers\InventoryController.php(18): view('inventory_view', [...])
 6 SYSTEMPATH\CodeIgniter.php(942): App\Controllers\InventoryController->index2()
 7 SYSTEMPATH\CodeIgniter.php(502): CodeIgniter\CodeIgniter->runController(Object(App\Controllers\InventoryController))
 8 SYSTEMPATH\CodeIgniter.php(361): CodeIgniter\CodeIgniter->handleRequest(null, Object(Config\Cache), false)
 9 FCPATH\index.php(79): CodeIgniter\CodeIgniter->run()
10 SYSTEMPATH\Commands\Server\rewrite.php(47): require_once('C:\\laragon\\www\\AgilaEcommerce2\\public\\index.php')
CRITICAL - 2024-02-10 15:41:17 --> Undefined variable $categories
in APPPATH\Views\inventory_view.php on line 92.
 1 APPPATH\Views\inventory_view.php(92): CodeIgniter\Debug\Exceptions->errorHandler(2, 'Undefined variable $categories', 'C:\\laragon\\www\\AgilaEcommerce2\\app\\Views\\inventory_view.php', 92)
 2 SYSTEMPATH\View\View.php(228): include('C:\\laragon\\www\\AgilaEcommerce2\\app\\Views\\inventory_view.php')
 3 SYSTEMPATH\View\View.php(231): CodeIgniter\View\View->CodeIgniter\View\{closure}()
 4 SYSTEMPATH\Common.php(1190): CodeIgniter\View\View->render('inventory_view', [], true)
 5 APPPATH\Controllers\InventoryController.php(18): view('inventory_view', [...])
 6 SYSTEMPATH\CodeIgniter.php(942): App\Controllers\InventoryController->index2()
 7 SYSTEMPATH\CodeIgniter.php(502): CodeIgniter\CodeIgniter->runController(Object(App\Controllers\InventoryController))
 8 SYSTEMPATH\CodeIgniter.php(361): CodeIgniter\CodeIgniter->handleRequest(null, Object(Config\Cache), false)
 9 FCPATH\index.php(79): CodeIgniter\CodeIgniter->run()
10 SYSTEMPATH\Commands\Server\rewrite.php(47): require_once('C:\\laragon\\www\\AgilaEcommerce2\\public\\index.php')
CRITICAL - 2024-02-10 15:42:42 --> Undefined variable $categories
in APPPATH\Views\inventory_view.php on line 92.
 1 APPPATH\Views\inventory_view.php(92): CodeIgniter\Debug\Exceptions->errorHandler(2, 'Undefined variable $categories', 'C:\\laragon\\www\\AgilaEcommerce2\\app\\Views\\inventory_view.php', 92)
 2 SYSTEMPATH\View\View.php(228): include('C:\\laragon\\www\\AgilaEcommerce2\\app\\Views\\inventory_view.php')
 3 SYSTEMPATH\View\View.php(231): CodeIgniter\View\View->CodeIgniter\View\{closure}()
 4 SYSTEMPATH\Common.php(1190): CodeIgniter\View\View->render('inventory_view', [], true)
 5 APPPATH\Controllers\InventoryController.php(18): view('inventory_view', [...])
 6 SYSTEMPATH\CodeIgniter.php(942): App\Controllers\InventoryController->index2()
 7 SYSTEMPATH\CodeIgniter.php(502): CodeIgniter\CodeIgniter->runController(Object(App\Controllers\InventoryController))
 8 SYSTEMPATH\CodeIgniter.php(361): CodeIgniter\CodeIgniter->handleRequest(null, Object(Config\Cache), false)
 9 FCPATH\index.php(79): CodeIgniter\CodeIgniter->run()
10 SYSTEMPATH\Commands\Server\rewrite.php(47): require_once('C:\\laragon\\www\\AgilaEcommerce2\\public\\index.php')
CRITICAL - 2024-02-10 15:44:17 --> Undefined variable $categories
in APPPATH\Views\inventory_view.php on line 92.
 1 APPPATH\Views\inventory_view.php(92): CodeIgniter\Debug\Exceptions->errorHandler(2, 'Undefined variable $categories', 'C:\\laragon\\www\\AgilaEcommerce2\\app\\Views\\inventory_view.php', 92)
 2 SYSTEMPATH\View\View.php(228): include('C:\\laragon\\www\\AgilaEcommerce2\\app\\Views\\inventory_view.php')
 3 SYSTEMPATH\View\View.php(231): CodeIgniter\View\View->CodeIgniter\View\{closure}()
 4 SYSTEMPATH\Common.php(1190): CodeIgniter\View\View->render('inventory_view', [], true)
 5 APPPATH\Controllers\InventoryController.php(18): view('inventory_view', [...])
 6 SYSTEMPATH\CodeIgniter.php(942): App\Controllers\InventoryController->index2()
 7 SYSTEMPATH\CodeIgniter.php(502): CodeIgniter\CodeIgniter->runController(Object(App\Controllers\InventoryController))
 8 SYSTEMPATH\CodeIgniter.php(361): CodeIgniter\CodeIgniter->handleRequest(null, Object(Config\Cache), false)
 9 FCPATH\index.php(79): CodeIgniter\CodeIgniter->run()
10 SYSTEMPATH\Commands\Server\rewrite.php(47): require_once('C:\\laragon\\www\\AgilaEcommerce2\\public\\index.php')
CRITICAL - 2024-02-10 15:44:23 --> Undefined variable $categories
in APPPATH\Views\inventory_view.php on line 92.
 1 APPPATH\Views\inventory_view.php(92): CodeIgniter\Debug\Exceptions->errorHandler(2, 'Undefined variable $categories', 'C:\\laragon\\www\\AgilaEcommerce2\\app\\Views\\inventory_view.php', 92)
 2 SYSTEMPATH\View\View.php(228): include('C:\\laragon\\www\\AgilaEcommerce2\\app\\Views\\inventory_view.php')
 3 SYSTEMPATH\View\View.php(231): CodeIgniter\View\View->CodeIgniter\View\{closure}()
 4 SYSTEMPATH\Common.php(1190): CodeIgniter\View\View->render('inventory_view', [], true)
 5 APPPATH\Controllers\InventoryController.php(18): view('inventory_view', [...])
 6 SYSTEMPATH\CodeIgniter.php(942): App\Controllers\InventoryController->index2()
 7 SYSTEMPATH\CodeIgniter.php(502): CodeIgniter\CodeIgniter->runController(Object(App\Controllers\InventoryController))
 8 SYSTEMPATH\CodeIgniter.php(361): CodeIgniter\CodeIgniter->handleRequest(null, Object(Config\Cache), false)
 9 FCPATH\index.php(79): CodeIgniter\CodeIgniter->run()
10 SYSTEMPATH\Commands\Server\rewrite.php(47): require_once('C:\\laragon\\www\\AgilaEcommerce2\\public\\index.php')
CRITICAL - 2024-02-10 15:48:44 --> Undefined variable $categories
in APPPATH\Views\inventory_view.php on line 92.
 1 APPPATH\Views\inventory_view.php(92): CodeIgniter\Debug\Exceptions->errorHandler(2, 'Undefined variable $categories', 'C:\\laragon\\www\\AgilaEcommerce2\\app\\Views\\inventory_view.php', 92)
 2 SYSTEMPATH\View\View.php(228): include('C:\\laragon\\www\\AgilaEcommerce2\\app\\Views\\inventory_view.php')
 3 SYSTEMPATH\View\View.php(231): CodeIgniter\View\View->CodeIgniter\View\{closure}()
 4 SYSTEMPATH\Common.php(1190): CodeIgniter\View\View->render('inventory_view', [], true)
 5 APPPATH\Controllers\InventoryController.php(19): view('inventory_view', [...])
 6 SYSTEMPATH\CodeIgniter.php(942): App\Controllers\InventoryController->index2()
 7 SYSTEMPATH\CodeIgniter.php(502): CodeIgniter\CodeIgniter->runController(Object(App\Controllers\InventoryController))
 8 SYSTEMPATH\CodeIgniter.php(361): CodeIgniter\CodeIgniter->handleRequest(null, Object(Config\Cache), false)
 9 FCPATH\index.php(79): CodeIgniter\CodeIgniter->run()
10 SYSTEMPATH\Commands\Server\rewrite.php(47): require_once('C:\\laragon\\www\\AgilaEcommerce2\\public\\index.php')
CRITICAL - 2024-02-10 15:51:12 --> Undefined variable $categories
in APPPATH\Views\inventory_view.php on line 92.
 1 APPPATH\Views\inventory_view.php(92): CodeIgniter\Debug\Exceptions->errorHandler(2, 'Undefined variable $categories', 'C:\\laragon\\www\\AgilaEcommerce2\\app\\Views\\inventory_view.php', 92)
 2 SYSTEMPATH\View\View.php(228): include('C:\\laragon\\www\\AgilaEcommerce2\\app\\Views\\inventory_view.php')
 3 SYSTEMPATH\View\View.php(231): CodeIgniter\View\View->CodeIgniter\View\{closure}()
 4 SYSTEMPATH\Common.php(1190): CodeIgniter\View\View->render('inventory_view', [], true)
 5 APPPATH\Controllers\InventoryController.php(19): view('inventory_view', [...])
 6 SYSTEMPATH\CodeIgniter.php(942): App\Controllers\InventoryController->index2()
 7 SYSTEMPATH\CodeIgniter.php(502): CodeIgniter\CodeIgniter->runController(Object(App\Controllers\InventoryController))
 8 SYSTEMPATH\CodeIgniter.php(361): CodeIgniter\CodeIgniter->handleRequest(null, Object(Config\Cache), false)
 9 FCPATH\index.php(79): CodeIgniter\CodeIgniter->run()
10 SYSTEMPATH\Commands\Server\rewrite.php(47): require_once('C:\\laragon\\www\\AgilaEcommerce2\\public\\index.php')
CRITICAL - 2024-02-10 15:51:44 --> Undefined variable $categories
in APPPATH\Views\inventory_view.php on line 92.
 1 APPPATH\Views\inventory_view.php(92): CodeIgniter\Debug\Exceptions->errorHandler(2, 'Undefined variable $categories', 'C:\\laragon\\www\\AgilaEcommerce2\\app\\Views\\inventory_view.php', 92)
 2 SYSTEMPATH\View\View.php(228): include('C:\\laragon\\www\\AgilaEcommerce2\\app\\Views\\inventory_view.php')
 3 SYSTEMPATH\View\View.php(231): CodeIgniter\View\View->CodeIgniter\View\{closure}()
 4 SYSTEMPATH\Common.php(1190): CodeIgniter\View\View->render('inventory_view', [], true)
 5 APPPATH\Controllers\InventoryController.php(19): view('inventory_view', [...])
 6 SYSTEMPATH\CodeIgniter.php(942): App\Controllers\InventoryController->index2()
 7 SYSTEMPATH\CodeIgniter.php(502): CodeIgniter\CodeIgniter->runController(Object(App\Controllers\InventoryController))
 8 SYSTEMPATH\CodeIgniter.php(361): CodeIgniter\CodeIgniter->handleRequest(null, Object(Config\Cache), false)
 9 FCPATH\index.php(79): CodeIgniter\CodeIgniter->run()
10 SYSTEMPATH\Commands\Server\rewrite.php(47): require_once('C:\\laragon\\www\\AgilaEcommerce2\\public\\index.php')
CRITICAL - 2024-02-10 15:51:45 --> Undefined variable $categories
in APPPATH\Views\inventory_view.php on line 92.
 1 APPPATH\Views\inventory_view.php(92): CodeIgniter\Debug\Exceptions->errorHandler(2, 'Undefined variable $categories', 'C:\\laragon\\www\\AgilaEcommerce2\\app\\Views\\inventory_view.php', 92)
 2 SYSTEMPATH\View\View.php(228): include('C:\\laragon\\www\\AgilaEcommerce2\\app\\Views\\inventory_view.php')
 3 SYSTEMPATH\View\View.php(231): CodeIgniter\View\View->CodeIgniter\View\{closure}()
 4 SYSTEMPATH\Common.php(1190): CodeIgniter\View\View->render('inventory_view', [], true)
 5 APPPATH\Controllers\InventoryController.php(19): view('inventory_view', [...])
 6 SYSTEMPATH\CodeIgniter.php(942): App\Controllers\InventoryController->index2()
 7 SYSTEMPATH\CodeIgniter.php(502): CodeIgniter\CodeIgniter->runController(Object(App\Controllers\InventoryController))
 8 SYSTEMPATH\CodeIgniter.php(361): CodeIgniter\CodeIgniter->handleRequest(null, Object(Config\Cache), false)
 9 FCPATH\index.php(79): CodeIgniter\CodeIgniter->run()
10 SYSTEMPATH\Commands\Server\rewrite.php(47): require_once('C:\\laragon\\www\\AgilaEcommerce2\\public\\index.php')
CRITICAL - 2024-02-10 15:51:46 --> Undefined variable $categories
in APPPATH\Views\inventory_view.php on line 92.
 1 APPPATH\Views\inventory_view.php(92): CodeIgniter\Debug\Exceptions->errorHandler(2, 'Undefined variable $categories', 'C:\\laragon\\www\\AgilaEcommerce2\\app\\Views\\inventory_view.php', 92)
 2 SYSTEMPATH\View\View.php(228): include('C:\\laragon\\www\\AgilaEcommerce2\\app\\Views\\inventory_view.php')
 3 SYSTEMPATH\View\View.php(231): CodeIgniter\View\View->CodeIgniter\View\{closure}()
 4 SYSTEMPATH\Common.php(1190): CodeIgniter\View\View->render('inventory_view', [], true)
 5 APPPATH\Controllers\InventoryController.php(19): view('inventory_view', [...])
 6 SYSTEMPATH\CodeIgniter.php(942): App\Controllers\InventoryController->index2()
 7 SYSTEMPATH\CodeIgniter.php(502): CodeIgniter\CodeIgniter->runController(Object(App\Controllers\InventoryController))
 8 SYSTEMPATH\CodeIgniter.php(361): CodeIgniter\CodeIgniter->handleRequest(null, Object(Config\Cache), false)
 9 FCPATH\index.php(79): CodeIgniter\CodeIgniter->run()
10 SYSTEMPATH\Commands\Server\rewrite.php(47): require_once('C:\\laragon\\www\\AgilaEcommerce2\\public\\index.php')
CRITICAL - 2024-02-10 16:03:56 --> Undefined variable $categories
in APPPATH\Views\inventory_view.php on line 92.
 1 APPPATH\Views\inventory_view.php(92): CodeIgniter\Debug\Exceptions->errorHandler(2, 'Undefined variable $categories', 'C:\\laragon\\www\\AgilaEcommerce2\\app\\Views\\inventory_view.php', 92)
 2 SYSTEMPATH\View\View.php(228): include('C:\\laragon\\www\\AgilaEcommerce2\\app\\Views\\inventory_view.php')
 3 SYSTEMPATH\View\View.php(231): CodeIgniter\View\View->CodeIgniter\View\{closure}()
 4 SYSTEMPATH\Common.php(1190): CodeIgniter\View\View->render('inventory_view', [], true)
 5 APPPATH\Controllers\InventoryController.php(18): view('inventory_view', [...])
 6 SYSTEMPATH\CodeIgniter.php(942): App\Controllers\InventoryController->index2()
 7 SYSTEMPATH\CodeIgniter.php(502): CodeIgniter\CodeIgniter->runController(Object(App\Controllers\InventoryController))
 8 SYSTEMPATH\CodeIgniter.php(361): CodeIgniter\CodeIgniter->handleRequest(null, Object(Config\Cache), false)
 9 FCPATH\index.php(79): CodeIgniter\CodeIgniter->run()
10 SYSTEMPATH\Commands\Server\rewrite.php(47): require_once('C:\\laragon\\www\\AgilaEcommerce2\\public\\index.php')
CRITICAL - 2024-02-10 16:06:19 --> Undefined variable $categories
in APPPATH\Views\inventory_view.php on line 92.
 1 APPPATH\Views\inventory_view.php(92): CodeIgniter\Debug\Exceptions->errorHandler(2, 'Undefined variable $categories', 'C:\\laragon\\www\\AgilaEcommerce2\\app\\Views\\inventory_view.php', 92)
 2 SYSTEMPATH\View\View.php(228): include('C:\\laragon\\www\\AgilaEcommerce2\\app\\Views\\inventory_view.php')
 3 SYSTEMPATH\View\View.php(231): CodeIgniter\View\View->CodeIgniter\View\{closure}()
 4 SYSTEMPATH\Common.php(1190): CodeIgniter\View\View->render('inventory_view', [], true)
 5 APPPATH\Controllers\InventoryController.php(18): view('inventory_view', [...])
 6 SYSTEMPATH\CodeIgniter.php(942): App\Controllers\InventoryController->index2()
 7 SYSTEMPATH\CodeIgniter.php(502): CodeIgniter\CodeIgniter->runController(Object(App\Controllers\InventoryController))
 8 SYSTEMPATH\CodeIgniter.php(361): CodeIgniter\CodeIgniter->handleRequest(null, Object(Config\Cache), false)
 9 FCPATH\index.php(79): CodeIgniter\CodeIgniter->run()
10 SYSTEMPATH\Commands\Server\rewrite.php(47): require_once('C:\\laragon\\www\\AgilaEcommerce2\\public\\index.php')
CRITICAL - 2024-02-10 16:08:25 --> Undefined variable $categories
in APPPATH\Views\inventory_view.php on line 92.
 1 APPPATH\Views\inventory_view.php(92): CodeIgniter\Debug\Exceptions->errorHandler(2, 'Undefined variable $categories', 'C:\\laragon\\www\\AgilaEcommerce2\\app\\Views\\inventory_view.php', 92)
 2 SYSTEMPATH\View\View.php(228): include('C:\\laragon\\www\\AgilaEcommerce2\\app\\Views\\inventory_view.php')
 3 SYSTEMPATH\View\View.php(231): CodeIgniter\View\View->CodeIgniter\View\{closure}()
 4 SYSTEMPATH\Common.php(1190): CodeIgniter\View\View->render('inventory_view', [], true)
 5 APPPATH\Controllers\InventoryController.php(18): view('inventory_view', [...])
 6 SYSTEMPATH\CodeIgniter.php(942): App\Controllers\InventoryController->index2()
 7 SYSTEMPATH\CodeIgniter.php(502): CodeIgniter\CodeIgniter->runController(Object(App\Controllers\InventoryController))
 8 SYSTEMPATH\CodeIgniter.php(361): CodeIgniter\CodeIgniter->handleRequest(null, Object(Config\Cache), false)
 9 FCPATH\index.php(79): CodeIgniter\CodeIgniter->run()
10 SYSTEMPATH\Commands\Server\rewrite.php(47): require_once('C:\\laragon\\www\\AgilaEcommerce2\\public\\index.php')
CRITICAL - 2024-02-10 16:08:31 --> Undefined variable $categories
in APPPATH\Views\inventory_view.php on line 92.
 1 APPPATH\Views\inventory_view.php(92): CodeIgniter\Debug\Exceptions->errorHandler(2, 'Undefined variable $categories', 'C:\\laragon\\www\\AgilaEcommerce2\\app\\Views\\inventory_view.php', 92)
 2 SYSTEMPATH\View\View.php(228): include('C:\\laragon\\www\\AgilaEcommerce2\\app\\Views\\inventory_view.php')
 3 SYSTEMPATH\View\View.php(231): CodeIgniter\View\View->CodeIgniter\View\{closure}()
 4 SYSTEMPATH\Common.php(1190): CodeIgniter\View\View->render('inventory_view', [], true)
 5 APPPATH\Controllers\InventoryController.php(18): view('inventory_view', [...])
 6 SYSTEMPATH\CodeIgniter.php(942): App\Controllers\InventoryController->index2()
 7 SYSTEMPATH\CodeIgniter.php(502): CodeIgniter\CodeIgniter->runController(Object(App\Controllers\InventoryController))
 8 SYSTEMPATH\CodeIgniter.php(361): CodeIgniter\CodeIgniter->handleRequest(null, Object(Config\Cache), false)
 9 FCPATH\index.php(79): CodeIgniter\CodeIgniter->run()
10 SYSTEMPATH\Commands\Server\rewrite.php(47): require_once('C:\\laragon\\www\\AgilaEcommerce2\\public\\index.php')
CRITICAL - 2024-02-10 16:08:32 --> Undefined variable $categories
in APPPATH\Views\inventory_view.php on line 92.
 1 APPPATH\Views\inventory_view.php(92): CodeIgniter\Debug\Exceptions->errorHandler(2, 'Undefined variable $categories', 'C:\\laragon\\www\\AgilaEcommerce2\\app\\Views\\inventory_view.php', 92)
 2 SYSTEMPATH\View\View.php(228): include('C:\\laragon\\www\\AgilaEcommerce2\\app\\Views\\inventory_view.php')
 3 SYSTEMPATH\View\View.php(231): CodeIgniter\View\View->CodeIgniter\View\{closure}()
 4 SYSTEMPATH\Common.php(1190): CodeIgniter\View\View->render('inventory_view', [], true)
 5 APPPATH\Controllers\InventoryController.php(18): view('inventory_view', [...])
 6 SYSTEMPATH\CodeIgniter.php(942): App\Controllers\InventoryController->index2()
 7 SYSTEMPATH\CodeIgniter.php(502): CodeIgniter\CodeIgniter->runController(Object(App\Controllers\InventoryController))
 8 SYSTEMPATH\CodeIgniter.php(361): CodeIgniter\CodeIgniter->handleRequest(null, Object(Config\Cache), false)
 9 FCPATH\index.php(79): CodeIgniter\CodeIgniter->run()
10 SYSTEMPATH\Commands\Server\rewrite.php(47): require_once('C:\\laragon\\www\\AgilaEcommerce2\\public\\index.php')
CRITICAL - 2024-02-10 16:08:32 --> Undefined variable $categories
in APPPATH\Views\inventory_view.php on line 92.
 1 APPPATH\Views\inventory_view.php(92): CodeIgniter\Debug\Exceptions->errorHandler(2, 'Undefined variable $categories', 'C:\\laragon\\www\\AgilaEcommerce2\\app\\Views\\inventory_view.php', 92)
 2 SYSTEMPATH\View\View.php(228): include('C:\\laragon\\www\\AgilaEcommerce2\\app\\Views\\inventory_view.php')
 3 SYSTEMPATH\View\View.php(231): CodeIgniter\View\View->CodeIgniter\View\{closure}()
 4 SYSTEMPATH\Common.php(1190): CodeIgniter\View\View->render('inventory_view', [], true)
 5 APPPATH\Controllers\InventoryController.php(18): view('inventory_view', [...])
 6 SYSTEMPATH\CodeIgniter.php(942): App\Controllers\InventoryController->index2()
 7 SYSTEMPATH\CodeIgniter.php(502): CodeIgniter\CodeIgniter->runController(Object(App\Controllers\InventoryController))
 8 SYSTEMPATH\CodeIgniter.php(361): CodeIgniter\CodeIgniter->handleRequest(null, Object(Config\Cache), false)
 9 FCPATH\index.php(79): CodeIgniter\CodeIgniter->run()
10 SYSTEMPATH\Commands\Server\rewrite.php(47): require_once('C:\\laragon\\www\\AgilaEcommerce2\\public\\index.php')
CRITICAL - 2024-02-10 16:08:32 --> Undefined variable $categories
in APPPATH\Views\inventory_view.php on line 92.
 1 APPPATH\Views\inventory_view.php(92): CodeIgniter\Debug\Exceptions->errorHandler(2, 'Undefined variable $categories', 'C:\\laragon\\www\\AgilaEcommerce2\\app\\Views\\inventory_view.php', 92)
 2 SYSTEMPATH\View\View.php(228): include('C:\\laragon\\www\\AgilaEcommerce2\\app\\Views\\inventory_view.php')
 3 SYSTEMPATH\View\View.php(231): CodeIgniter\View\View->CodeIgniter\View\{closure}()
 4 SYSTEMPATH\Common.php(1190): CodeIgniter\View\View->render('inventory_view', [], true)
 5 APPPATH\Controllers\InventoryController.php(18): view('inventory_view', [...])
 6 SYSTEMPATH\CodeIgniter.php(942): App\Controllers\InventoryController->index2()
 7 SYSTEMPATH\CodeIgniter.php(502): CodeIgniter\CodeIgniter->runController(Object(App\Controllers\InventoryController))
 8 SYSTEMPATH\CodeIgniter.php(361): CodeIgniter\CodeIgniter->handleRequest(null, Object(Config\Cache), false)
 9 FCPATH\index.php(79): CodeIgniter\CodeIgniter->run()
10 SYSTEMPATH\Commands\Server\rewrite.php(47): require_once('C:\\laragon\\www\\AgilaEcommerce2\\public\\index.php')
CRITICAL - 2024-02-10 16:08:32 --> Undefined variable $categories
in APPPATH\Views\inventory_view.php on line 92.
 1 APPPATH\Views\inventory_view.php(92): CodeIgniter\Debug\Exceptions->errorHandler(2, 'Undefined variable $categories', 'C:\\laragon\\www\\AgilaEcommerce2\\app\\Views\\inventory_view.php', 92)
 2 SYSTEMPATH\View\View.php(228): include('C:\\laragon\\www\\AgilaEcommerce2\\app\\Views\\inventory_view.php')
 3 SYSTEMPATH\View\View.php(231): CodeIgniter\View\View->CodeIgniter\View\{closure}()
 4 SYSTEMPATH\Common.php(1190): CodeIgniter\View\View->render('inventory_view', [], true)
 5 APPPATH\Controllers\InventoryController.php(18): view('inventory_view', [...])
 6 SYSTEMPATH\CodeIgniter.php(942): App\Controllers\InventoryController->index2()
 7 SYSTEMPATH\CodeIgniter.php(502): CodeIgniter\CodeIgniter->runController(Object(App\Controllers\InventoryController))
 8 SYSTEMPATH\CodeIgniter.php(361): CodeIgniter\CodeIgniter->handleRequest(null, Object(Config\Cache), false)
 9 FCPATH\index.php(79): CodeIgniter\CodeIgniter->run()
10 SYSTEMPATH\Commands\Server\rewrite.php(47): require_once('C:\\laragon\\www\\AgilaEcommerce2\\public\\index.php')
CRITICAL - 2024-02-10 16:08:33 --> Undefined variable $categories
in APPPATH\Views\inventory_view.php on line 92.
 1 APPPATH\Views\inventory_view.php(92): CodeIgniter\Debug\Exceptions->errorHandler(2, 'Undefined variable $categories', 'C:\\laragon\\www\\AgilaEcommerce2\\app\\Views\\inventory_view.php', 92)
 2 SYSTEMPATH\View\View.php(228): include('C:\\laragon\\www\\AgilaEcommerce2\\app\\Views\\inventory_view.php')
 3 SYSTEMPATH\View\View.php(231): CodeIgniter\View\View->CodeIgniter\View\{closure}()
 4 SYSTEMPATH\Common.php(1190): CodeIgniter\View\View->render('inventory_view', [], true)
 5 APPPATH\Controllers\InventoryController.php(18): view('inventory_view', [...])
 6 SYSTEMPATH\CodeIgniter.php(942): App\Controllers\InventoryController->index2()
 7 SYSTEMPATH\CodeIgniter.php(502): CodeIgniter\CodeIgniter->runController(Object(App\Controllers\InventoryController))
 8 SYSTEMPATH\CodeIgniter.php(361): CodeIgniter\CodeIgniter->handleRequest(null, Object(Config\Cache), false)
 9 FCPATH\index.php(79): CodeIgniter\CodeIgniter->run()
10 SYSTEMPATH\Commands\Server\rewrite.php(47): require_once('C:\\laragon\\www\\AgilaEcommerce2\\public\\index.php')
CRITICAL - 2024-02-10 16:08:33 --> Undefined variable $categories
in APPPATH\Views\inventory_view.php on line 92.
 1 APPPATH\Views\inventory_view.php(92): CodeIgniter\Debug\Exceptions->errorHandler(2, 'Undefined variable $categories', 'C:\\laragon\\www\\AgilaEcommerce2\\app\\Views\\inventory_view.php', 92)
 2 SYSTEMPATH\View\View.php(228): include('C:\\laragon\\www\\AgilaEcommerce2\\app\\Views\\inventory_view.php')
 3 SYSTEMPATH\View\View.php(231): CodeIgniter\View\View->CodeIgniter\View\{closure}()
 4 SYSTEMPATH\Common.php(1190): CodeIgniter\View\View->render('inventory_view', [], true)
 5 APPPATH\Controllers\InventoryController.php(18): view('inventory_view', [...])
 6 SYSTEMPATH\CodeIgniter.php(942): App\Controllers\InventoryController->index2()
 7 SYSTEMPATH\CodeIgniter.php(502): CodeIgniter\CodeIgniter->runController(Object(App\Controllers\InventoryController))
 8 SYSTEMPATH\CodeIgniter.php(361): CodeIgniter\CodeIgniter->handleRequest(null, Object(Config\Cache), false)
 9 FCPATH\index.php(79): CodeIgniter\CodeIgniter->run()
10 SYSTEMPATH\Commands\Server\rewrite.php(47): require_once('C:\\laragon\\www\\AgilaEcommerce2\\public\\index.php')
CRITICAL - 2024-02-10 16:08:33 --> Undefined variable $categories
in APPPATH\Views\inventory_view.php on line 92.
 1 APPPATH\Views\inventory_view.php(92): CodeIgniter\Debug\Exceptions->errorHandler(2, 'Undefined variable $categories', 'C:\\laragon\\www\\AgilaEcommerce2\\app\\Views\\inventory_view.php', 92)
 2 SYSTEMPATH\View\View.php(228): include('C:\\laragon\\www\\AgilaEcommerce2\\app\\Views\\inventory_view.php')
 3 SYSTEMPATH\View\View.php(231): CodeIgniter\View\View->CodeIgniter\View\{closure}()
 4 SYSTEMPATH\Common.php(1190): CodeIgniter\View\View->render('inventory_view', [], true)
 5 APPPATH\Controllers\InventoryController.php(18): view('inventory_view', [...])
 6 SYSTEMPATH\CodeIgniter.php(942): App\Controllers\InventoryController->index2()
 7 SYSTEMPATH\CodeIgniter.php(502): CodeIgniter\CodeIgniter->runController(Object(App\Controllers\InventoryController))
 8 SYSTEMPATH\CodeIgniter.php(361): CodeIgniter\CodeIgniter->handleRequest(null, Object(Config\Cache), false)
 9 FCPATH\index.php(79): CodeIgniter\CodeIgniter->run()
10 SYSTEMPATH\Commands\Server\rewrite.php(47): require_once('C:\\laragon\\www\\AgilaEcommerce2\\public\\index.php')
CRITICAL - 2024-02-10 16:08:34 --> Undefined variable $categories
in APPPATH\Views\inventory_view.php on line 92.
 1 APPPATH\Views\inventory_view.php(92): CodeIgniter\Debug\Exceptions->errorHandler(2, 'Undefined variable $categories', 'C:\\laragon\\www\\AgilaEcommerce2\\app\\Views\\inventory_view.php', 92)
 2 SYSTEMPATH\View\View.php(228): include('C:\\laragon\\www\\AgilaEcommerce2\\app\\Views\\inventory_view.php')
 3 SYSTEMPATH\View\View.php(231): CodeIgniter\View\View->CodeIgniter\View\{closure}()
 4 SYSTEMPATH\Common.php(1190): CodeIgniter\View\View->render('inventory_view', [], true)
 5 APPPATH\Controllers\InventoryController.php(18): view('inventory_view', [...])
 6 SYSTEMPATH\CodeIgniter.php(942): App\Controllers\InventoryController->index2()
 7 SYSTEMPATH\CodeIgniter.php(502): CodeIgniter\CodeIgniter->runController(Object(App\Controllers\InventoryController))
 8 SYSTEMPATH\CodeIgniter.php(361): CodeIgniter\CodeIgniter->handleRequest(null, Object(Config\Cache), false)
 9 FCPATH\index.php(79): CodeIgniter\CodeIgniter->run()
10 SYSTEMPATH\Commands\Server\rewrite.php(47): require_once('C:\\laragon\\www\\AgilaEcommerce2\\public\\index.php')
CRITICAL - 2024-02-10 16:08:34 --> Undefined variable $categories
in APPPATH\Views\inventory_view.php on line 92.
 1 APPPATH\Views\inventory_view.php(92): CodeIgniter\Debug\Exceptions->errorHandler(2, 'Undefined variable $categories', 'C:\\laragon\\www\\AgilaEcommerce2\\app\\Views\\inventory_view.php', 92)
 2 SYSTEMPATH\View\View.php(228): include('C:\\laragon\\www\\AgilaEcommerce2\\app\\Views\\inventory_view.php')
 3 SYSTEMPATH\View\View.php(231): CodeIgniter\View\View->CodeIgniter\View\{closure}()
 4 SYSTEMPATH\Common.php(1190): CodeIgniter\View\View->render('inventory_view', [], true)
 5 APPPATH\Controllers\InventoryController.php(18): view('inventory_view', [...])
 6 SYSTEMPATH\CodeIgniter.php(942): App\Controllers\InventoryController->index2()
 7 SYSTEMPATH\CodeIgniter.php(502): CodeIgniter\CodeIgniter->runController(Object(App\Controllers\InventoryController))
 8 SYSTEMPATH\CodeIgniter.php(361): CodeIgniter\CodeIgniter->handleRequest(null, Object(Config\Cache), false)
 9 FCPATH\index.php(79): CodeIgniter\CodeIgniter->run()
10 SYSTEMPATH\Commands\Server\rewrite.php(47): require_once('C:\\laragon\\www\\AgilaEcommerce2\\public\\index.php')
CRITICAL - 2024-02-10 16:08:34 --> Undefined variable $categories
in APPPATH\Views\inventory_view.php on line 92.
 1 APPPATH\Views\inventory_view.php(92): CodeIgniter\Debug\Exceptions->errorHandler(2, 'Undefined variable $categories', 'C:\\laragon\\www\\AgilaEcommerce2\\app\\Views\\inventory_view.php', 92)
 2 SYSTEMPATH\View\View.php(228): include('C:\\laragon\\www\\AgilaEcommerce2\\app\\Views\\inventory_view.php')
 3 SYSTEMPATH\View\View.php(231): CodeIgniter\View\View->CodeIgniter\View\{closure}()
 4 SYSTEMPATH\Common.php(1190): CodeIgniter\View\View->render('inventory_view', [], true)
 5 APPPATH\Controllers\InventoryController.php(18): view('inventory_view', [...])
 6 SYSTEMPATH\CodeIgniter.php(942): App\Controllers\InventoryController->index2()
 7 SYSTEMPATH\CodeIgniter.php(502): CodeIgniter\CodeIgniter->runController(Object(App\Controllers\InventoryController))
 8 SYSTEMPATH\CodeIgniter.php(361): CodeIgniter\CodeIgniter->handleRequest(null, Object(Config\Cache), false)
 9 FCPATH\index.php(79): CodeIgniter\CodeIgniter->run()
10 SYSTEMPATH\Commands\Server\rewrite.php(47): require_once('C:\\laragon\\www\\AgilaEcommerce2\\public\\index.php')
CRITICAL - 2024-02-10 16:08:39 --> Undefined variable $categories
in APPPATH\Views\inventory_view.php on line 92.
 1 APPPATH\Views\inventory_view.php(92): CodeIgniter\Debug\Exceptions->errorHandler(2, 'Undefined variable $categories', 'C:\\laragon\\www\\AgilaEcommerce2\\app\\Views\\inventory_view.php', 92)
 2 SYSTEMPATH\View\View.php(228): include('C:\\laragon\\www\\AgilaEcommerce2\\app\\Views\\inventory_view.php')
 3 SYSTEMPATH\View\View.php(231): CodeIgniter\View\View->CodeIgniter\View\{closure}()
 4 SYSTEMPATH\Common.php(1190): CodeIgniter\View\View->render('inventory_view', [], true)
 5 APPPATH\Controllers\InventoryController.php(18): view('inventory_view', [...])
 6 SYSTEMPATH\CodeIgniter.php(942): App\Controllers\InventoryController->index2()
 7 SYSTEMPATH\CodeIgniter.php(502): CodeIgniter\CodeIgniter->runController(Object(App\Controllers\InventoryController))
 8 SYSTEMPATH\CodeIgniter.php(361): CodeIgniter\CodeIgniter->handleRequest(null, Object(Config\Cache), false)
 9 FCPATH\index.php(79): CodeIgniter\CodeIgniter->run()
10 SYSTEMPATH\Commands\Server\rewrite.php(47): require_once('C:\\laragon\\www\\AgilaEcommerce2\\public\\index.php')
CRITICAL - 2024-02-10 16:08:39 --> Undefined variable $categories
in APPPATH\Views\inventory_view.php on line 92.
 1 APPPATH\Views\inventory_view.php(92): CodeIgniter\Debug\Exceptions->errorHandler(2, 'Undefined variable $categories', 'C:\\laragon\\www\\AgilaEcommerce2\\app\\Views\\inventory_view.php', 92)
 2 SYSTEMPATH\View\View.php(228): include('C:\\laragon\\www\\AgilaEcommerce2\\app\\Views\\inventory_view.php')
 3 SYSTEMPATH\View\View.php(231): CodeIgniter\View\View->CodeIgniter\View\{closure}()
 4 SYSTEMPATH\Common.php(1190): CodeIgniter\View\View->render('inventory_view', [], true)
 5 APPPATH\Controllers\InventoryController.php(18): view('inventory_view', [...])
 6 SYSTEMPATH\CodeIgniter.php(942): App\Controllers\InventoryController->index2()
 7 SYSTEMPATH\CodeIgniter.php(502): CodeIgniter\CodeIgniter->runController(Object(App\Controllers\InventoryController))
 8 SYSTEMPATH\CodeIgniter.php(361): CodeIgniter\CodeIgniter->handleRequest(null, Object(Config\Cache), false)
 9 FCPATH\index.php(79): CodeIgniter\CodeIgniter->run()
10 SYSTEMPATH\Commands\Server\rewrite.php(47): require_once('C:\\laragon\\www\\AgilaEcommerce2\\public\\index.php')
CRITICAL - 2024-02-10 16:08:39 --> Undefined variable $categories
in APPPATH\Views\inventory_view.php on line 92.
 1 APPPATH\Views\inventory_view.php(92): CodeIgniter\Debug\Exceptions->errorHandler(2, 'Undefined variable $categories', 'C:\\laragon\\www\\AgilaEcommerce2\\app\\Views\\inventory_view.php', 92)
 2 SYSTEMPATH\View\View.php(228): include('C:\\laragon\\www\\AgilaEcommerce2\\app\\Views\\inventory_view.php')
 3 SYSTEMPATH\View\View.php(231): CodeIgniter\View\View->CodeIgniter\View\{closure}()
 4 SYSTEMPATH\Common.php(1190): CodeIgniter\View\View->render('inventory_view', [], true)
 5 APPPATH\Controllers\InventoryController.php(18): view('inventory_view', [...])
 6 SYSTEMPATH\CodeIgniter.php(942): App\Controllers\InventoryController->index2()
 7 SYSTEMPATH\CodeIgniter.php(502): CodeIgniter\CodeIgniter->runController(Object(App\Controllers\InventoryController))
 8 SYSTEMPATH\CodeIgniter.php(361): CodeIgniter\CodeIgniter->handleRequest(null, Object(Config\Cache), false)
 9 FCPATH\index.php(79): CodeIgniter\CodeIgniter->run()
10 SYSTEMPATH\Commands\Server\rewrite.php(47): require_once('C:\\laragon\\www\\AgilaEcommerce2\\public\\index.php')
CRITICAL - 2024-02-10 16:09:00 --> Undefined variable $categories
in APPPATH\Views\inventory_view.php on line 92.
 1 APPPATH\Views\inventory_view.php(92): CodeIgniter\Debug\Exceptions->errorHandler(2, 'Undefined variable $categories', 'C:\\laragon\\www\\AgilaEcommerce2\\app\\Views\\inventory_view.php', 92)
 2 SYSTEMPATH\View\View.php(228): include('C:\\laragon\\www\\AgilaEcommerce2\\app\\Views\\inventory_view.php')
 3 SYSTEMPATH\View\View.php(231): CodeIgniter\View\View->CodeIgniter\View\{closure}()
 4 SYSTEMPATH\Common.php(1190): CodeIgniter\View\View->render('inventory_view', [], true)
 5 APPPATH\Controllers\InventoryController.php(18): view('inventory_view', [...])
 6 SYSTEMPATH\CodeIgniter.php(942): App\Controllers\InventoryController->index2()
 7 SYSTEMPATH\CodeIgniter.php(502): CodeIgniter\CodeIgniter->runController(Object(App\Controllers\InventoryController))
 8 SYSTEMPATH\CodeIgniter.php(361): CodeIgniter\CodeIgniter->handleRequest(null, Object(Config\Cache), false)
 9 FCPATH\index.php(79): CodeIgniter\CodeIgniter->run()
10 SYSTEMPATH\Commands\Server\rewrite.php(47): require_once('C:\\laragon\\www\\AgilaEcommerce2\\public\\index.php')
CRITICAL - 2024-02-10 16:09:39 --> Undefined array key "CategoryName"
in APPPATH\Controllers\InventoryController.php on line 53.
 1 APPPATH\Controllers\InventoryController.php(53): CodeIgniter\Debug\Exceptions->errorHandler(2, 'Undefined array key "CategoryName"', 'C:\\laragon\\www\\AgilaEcommerce2\\app\\Controllers\\InventoryController.php', 53)
 2 SYSTEMPATH\CodeIgniter.php(942): App\Controllers\InventoryController->add()
 3 SYSTEMPATH\CodeIgniter.php(502): CodeIgniter\CodeIgniter->runController(Object(App\Controllers\InventoryController))
 4 SYSTEMPATH\CodeIgniter.php(361): CodeIgniter\CodeIgniter->handleRequest(null, Object(Config\Cache), false)
 5 FCPATH\index.php(79): CodeIgniter\CodeIgniter->run()
 6 SYSTEMPATH\Commands\Server\rewrite.php(47): require_once('C:\\laragon\\www\\AgilaEcommerce2\\public\\index.php')
